###############################################################
#  Generated by:      Cadence Innovus 17.14-s077_1
#  OS:                Linux x86_64(Host ID compute-srv2.eda.atme.in)
#  Generated on:      Fri Feb 15 09:57:55 2019
#  Design:            a23_decode
#  Command:           report_timing -from [all_registers] -to [all_registers] -early -max_paths 50 > early.rpt
###############################################################
Path 1: MET Hold Check with Pin iabt_reg_reg/CK 
Endpoint:   iabt_reg_reg/SI (v) checked with  leading edge of 'i_clk'
Beginpoint: iabt_reg_reg/Q  (v) triggered by  leading edge of 'i_clk'
Path Groups: {reg2reg}
Analysis View: best
Other End Arrival Time          0.157
+ Hold                         -0.039
+ Phase Shift                   0.000
+ Uncertainty                   0.400
= Required Time                 0.518
  Arrival Time                  0.519
  Slack Time                    0.001
     Clock Rise Edge                 0.000
     + Clock Network Latency (Prop)  0.080
     = Beginpoint Arrival Time       0.080
     +------------------------------------------------------------------------------+ 
     |       Instance       |     Arc     |    Cell    | Delay | Arrival | Required | 
     |                      |             |            |       |  Time   |   Time   | 
     |----------------------+-------------+------------+-------+---------+----------| 
     | iabt_reg_reg         | CK ^        |            |       |   0.080 |    0.079 | 
     | iabt_reg_reg         | CK ^ -> Q v | SDFFQX1LVT | 0.182 |   0.262 |    0.262 | 
     | FE_ESOC3005_iabt_reg | A v -> Y v  | DLY1X4     | 0.256 |   0.519 |    0.518 | 
     | iabt_reg_reg         | SI v        | SDFFQX1LVT | 0.000 |   0.519 |    0.518 | 
     +------------------------------------------------------------------------------+ 
Path 2: MET Hold Check with Pin o_copro_num_reg[3]/CK 
Endpoint:   o_copro_num_reg[3]/D1 (v) checked with  leading edge of 'i_clk'
Beginpoint: o_copro_num_reg[3]/Q  (v) triggered by  leading edge of 'i_clk'
Path Groups: {reg2reg}
Analysis View: best
Other End Arrival Time          0.158
+ Hold                         -0.013
+ Phase Shift                   0.000
+ Uncertainty                   0.400
= Required Time                 0.545
  Arrival Time                  0.546
  Slack Time                    0.001
     Clock Rise Edge                 0.000
     + Clock Network Latency (Prop)  0.081
     = Beginpoint Arrival Time       0.081
     +-----------------------------------------------------------------------------------------------+ 
     |               Instance               |     Arc     |    Cell     | Delay | Arrival | Required | 
     |                                      |             |             |       |  Time   |   Time   | 
     |--------------------------------------+-------------+-------------+-------+---------+----------| 
     | o_copro_num_reg[3]                   | CK ^        |             |       |   0.081 |    0.081 | 
     | o_copro_num_reg[3]                   | CK ^ -> Q v | MDFFHQX1LVT | 0.172 |   0.253 |    0.252 | 
     | FE_ESOC2968_FE_OFN1351_o_copro_num_3 | A v -> Y v  | DLY1X4      | 0.215 |   0.468 |    0.467 | 
     | FE_ESOC3174_FE_OFN1351_o_copro_num_3 | A v -> Y v  | BUFX2       | 0.078 |   0.546 |    0.545 | 
     | o_copro_num_reg[3]                   | D1 v        | MDFFHQX1LVT | 0.000 |   0.546 |    0.545 | 
     +-----------------------------------------------------------------------------------------------+ 
Path 3: MET Hold Check with Pin abt_address_reg_reg[2]/CK 
Endpoint:   abt_address_reg_reg[2]/SI (v) checked with  leading edge of 'i_clk'
Beginpoint: abt_address_reg_reg[2]/Q  (v) triggered by  leading edge of 'i_clk'
Path Groups: {reg2reg}
Analysis View: best
Other End Arrival Time          0.157
+ Hold                         -0.037
+ Phase Shift                   0.000
+ Uncertainty                   0.400
= Required Time                 0.520
  Arrival Time                  0.521
  Slack Time                    0.001
     Clock Rise Edge                 0.000
     + Clock Network Latency (Prop)  0.080
     = Beginpoint Arrival Time       0.080
     +----------------------------------------------------------------------------------------------+ 
     |                Instance                 |     Arc     |  Cell   | Delay | Arrival | Required | 
     |                                         |             |         |       |  Time   |   Time   | 
     |-----------------------------------------+-------------+---------+-------+---------+----------| 
     | abt_address_reg_reg[2]                  | CK ^        |         |       |   0.080 |    0.079 | 
     | abt_address_reg_reg[2]                  | CK ^ -> Q v | SDFFQX1 | 0.285 |   0.365 |    0.364 | 
     | FE_ESOC3157_FE_OFN1214_o_dabt_address_2 | A v -> Y v  | BUFX2   | 0.156 |   0.521 |    0.520 | 
     | abt_address_reg_reg[2]                  | SI v        | SDFFQX1 | 0.000 |   0.521 |    0.520 | 
     +----------------------------------------------------------------------------------------------+ 
Path 4: MET Hold Check with Pin pre_fetch_instruction_iabt_reg/CK 
Endpoint:   pre_fetch_instruction_iabt_reg/SI (v) checked with  leading edge of 
'i_clk'
Beginpoint: iabt_reg_reg/Q                    (v) triggered by  leading edge of 
'i_clk'
Path Groups: {reg2reg}
Analysis View: best
Other End Arrival Time          0.157
+ Hold                         -0.039
+ Phase Shift                   0.000
+ Uncertainty                   0.400
= Required Time                 0.517
  Arrival Time                  0.519
  Slack Time                    0.001
     Clock Rise Edge                 0.000
     + Clock Network Latency (Prop)  0.080
     = Beginpoint Arrival Time       0.080
     +----------------------------------------------------------------------------------------+ 
     |            Instance            |     Arc     |    Cell    | Delay | Arrival | Required | 
     |                                |             |            |       |  Time   |   Time   | 
     |--------------------------------+-------------+------------+-------+---------+----------| 
     | iabt_reg_reg                   | CK ^        |            |       |   0.080 |    0.079 | 
     | iabt_reg_reg                   | CK ^ -> Q v | SDFFQX1LVT | 0.182 |   0.262 |    0.261 | 
     | FE_ESOC3005_iabt_reg           | A v -> Y v  | DLY1X4     | 0.256 |   0.519 |    0.517 | 
     | pre_fetch_instruction_iabt_reg | SI v        | SDFFQX1LVT | 0.000 |   0.519 |    0.517 | 
     +----------------------------------------------------------------------------------------+ 
Path 5: MET Hold Check with Pin pre_fetch_instruction_address_reg[5]/CK 
Endpoint:   pre_fetch_instruction_address_reg[5]/SI (v) checked with  leading 
edge of 'i_clk'
Beginpoint: abt_address_reg_reg[5]/Q                (v) triggered by  leading 
edge of 'i_clk'
Path Groups: {reg2reg}
Analysis View: best
Other End Arrival Time          0.152
+ Hold                         -0.044
+ Phase Shift                   0.000
+ Uncertainty                   0.400
= Required Time                 0.508
  Arrival Time                  0.510
  Slack Time                    0.002
     Clock Rise Edge                 0.000
     + Clock Network Latency (Prop)  0.082
     = Beginpoint Arrival Time       0.082
     +-------------------------------------------------------------------------------------------------+ 
     |                Instance                 |     Arc     |    Cell    | Delay | Arrival | Required | 
     |                                         |             |            |       |  Time   |   Time   | 
     |-----------------------------------------+-------------+------------+-------+---------+----------| 
     | abt_address_reg_reg[5]                  | CK ^        |            |       |   0.081 |    0.079 | 
     | abt_address_reg_reg[5]                  | CK ^ -> Q v | SDFFQX1    | 0.230 |   0.312 |    0.310 | 
     | FE_OFC1192_o_dabt_address_5             | A v -> Y v  | BUFX2LVT   | 0.079 |   0.391 |    0.389 | 
     | FE_ESOC3134_FE_OFN1193_o_dabt_address_5 | A v -> Y v  | BUFX6      | 0.117 |   0.508 |    0.506 | 
     | pre_fetch_instruction_address_reg[5]    | SI v        | SDFFQX1LVT | 0.002 |   0.510 |    0.508 | 
     +-------------------------------------------------------------------------------------------------+ 
Path 6: MET Hold Check with Pin o_imm32_reg[4]/CK 
Endpoint:   o_imm32_reg[4]/D (^) checked with  leading edge of 'i_clk'
Beginpoint: o_imm32_reg[4]/Q (^) triggered by  leading edge of 'i_clk'
Path Groups: {reg2reg}
Analysis View: best
Other End Arrival Time          0.151
+ Hold                         -0.039
+ Phase Shift                   0.000
+ Uncertainty                   0.400
= Required Time                 0.512
  Arrival Time                  0.516
  Slack Time                    0.004
     Clock Rise Edge                 0.000
     + Clock Network Latency (Prop)  0.074
     = Beginpoint Arrival Time       0.074
     +----------------------------------------------------------------------------+ 
     |      Instance      |     Arc     |    Cell    | Delay | Arrival | Required | 
     |                    |             |            |       |  Time   |   Time   | 
     |--------------------+-------------+------------+-------+---------+----------| 
     | o_imm32_reg[4]     | CK ^        |            |       |   0.074 |    0.071 | 
     | o_imm32_reg[4]     | CK ^ -> Q ^ | DFFHQX1LVT | 0.151 |   0.225 |    0.221 | 
     | g67930__75834      | A0 ^ -> Y v | AOI21X1LVT | 0.067 |   0.292 |    0.288 | 
     | g67636__9682       | B0 v -> Y v | OA21X1LVT  | 0.067 |   0.359 |    0.355 | 
     | FE_ESOC3161_n_1840 | A v -> Y v  | BUFX3      | 0.080 |   0.439 |    0.436 | 
     | g67448__5266       | B v -> Y v  | AND2X1LVT  | 0.051 |   0.491 |    0.487 | 
     | g67160__1474       | B0 v -> Y ^ | OAI21X1LVT | 0.025 |   0.516 |    0.512 | 
     | o_imm32_reg[4]     | D ^         | DFFHQX1LVT | 0.000 |   0.516 |    0.512 | 
     +----------------------------------------------------------------------------+ 
Path 7: MET Hold Check with Pin saved_current_instruction_address_reg[14]/CK 
Endpoint:   saved_current_instruction_address_reg[14]/D (v) checked with  
leading edge of 'i_clk'
Beginpoint: pre_fetch_instruction_address_reg[14]/Q     (v) triggered by  
leading edge of 'i_clk'
Path Groups: {reg2reg}
Analysis View: best
Other End Arrival Time          0.152
+ Hold                         -0.018
+ Phase Shift                   0.000
+ Uncertainty                   0.400
= Required Time                 0.535
  Arrival Time                  0.539
  Slack Time                    0.004
     Clock Rise Edge                 0.000
     + Clock Network Latency (Prop)  0.075
     = Beginpoint Arrival Time       0.075
     +-----------------------------------------------------------------------------------------------------+ 
     |                 Instance                  |     Arc     |     Cell     | Delay | Arrival | Required | 
     |                                           |             |              |       |  Time   |   Time   | 
     |-------------------------------------------+-------------+--------------+-------+---------+----------| 
     | pre_fetch_instruction_address_reg[14]     | CK ^        |              |       |   0.075 |    0.071 | 
     | pre_fetch_instruction_address_reg[14]     | CK ^ -> Q v | SDFFQX1      | 0.241 |   0.317 |    0.312 | 
     | g112279                                   | A v -> Y ^  | NAND2XL      | 0.065 |   0.381 |    0.377 | 
     | g116663                                   | B0 ^ -> Y v | OAI2BB1X1LVT | 0.069 |   0.451 |    0.446 | 
     | g68905_dup                                | A v -> Y v  | OR2X1LVT     | 0.088 |   0.539 |    0.535 | 
     | saved_current_instruction_address_reg[14] | D v         | SDFFQX1LVT   | 0.000 |   0.539 |    0.535 | 
     +-----------------------------------------------------------------------------------------------------+ 
Path 8: MET Hold Check with Pin o_rn_sel_reg[2]/CK 
Endpoint:   o_rn_sel_reg[2]/D (v) checked with  leading edge of 'i_clk'
Beginpoint: o_rn_sel_reg[2]/Q (v) triggered by  leading edge of 'i_clk'
Path Groups: {reg2reg}
Analysis View: best
Other End Arrival Time          0.157
+ Hold                          0.026
+ Phase Shift                   0.000
+ Uncertainty                   0.400
= Required Time                 0.583
  Arrival Time                  0.588
  Slack Time                    0.005
     Clock Rise Edge                 0.000
     + Clock Network Latency (Prop)  0.080
     = Beginpoint Arrival Time       0.080
     +-----------------------------------------------------------------------------+ 
     |      Instance       |     Arc     |    Cell    | Delay | Arrival | Required | 
     |                     |             |            |       |  Time   |   Time   | 
     |---------------------+-------------+------------+-------+---------+----------| 
     | o_rn_sel_reg[2]     | CK ^        |            |       |   0.080 |    0.075 | 
     | o_rn_sel_reg[2]     | CK ^ -> Q v | DFFHQX1LVT | 0.170 |   0.250 |    0.245 | 
     | g98980              | A v -> Y ^  | NAND2X1LVT | 0.034 |   0.285 |    0.280 | 
     | g98979              | AN ^ -> Y ^ | NOR2BX1LVT | 0.062 |   0.347 |    0.342 | 
     | g68130__116147      | A ^ -> Y v  | NAND2X1LVT | 0.055 |   0.401 |    0.396 | 
     | FE_ESOC3058_n_50763 | A v -> Y v  | DLY1X1     | 0.186 |   0.588 |    0.583 | 
     | o_rn_sel_reg[2]     | D v         | DFFHQX1LVT | 0.000 |   0.588 |    0.583 | 
     +-----------------------------------------------------------------------------+ 
Path 9: MET Hold Check with Pin pre_fetch_instruction_address_reg[7]/CK 
Endpoint:   pre_fetch_instruction_address_reg[7]/D (v) checked with  leading 
edge of 'i_clk'
Beginpoint: pre_fetch_instruction_address_reg[7]/Q (v) triggered by  leading 
edge of 'i_clk'
Path Groups: {reg2reg}
Analysis View: best
Other End Arrival Time          0.152
+ Hold                         -0.024
+ Phase Shift                   0.000
+ Uncertainty                   0.400
= Required Time                 0.529
  Arrival Time                  0.535
  Slack Time                    0.007
     Clock Rise Edge                 0.000
     + Clock Network Latency (Prop)  0.075
     = Beginpoint Arrival Time       0.075
     +-----------------------------------------------------------------------------------------------------+ 
     |                  Instance                   |     Arc     |    Cell    | Delay | Arrival | Required | 
     |                                             |             |            |       |  Time   |   Time   | 
     |---------------------------------------------+-------------+------------+-------+---------+----------| 
     | pre_fetch_instruction_address_reg[7]        | CK ^        |            |       |   0.075 |    0.069 | 
     | pre_fetch_instruction_address_reg[7]        | CK ^ -> Q v | SDFFQX1LVT | 0.164 |   0.240 |    0.233 | 
     | FE_ESOC3237_pre_fetch_instruction_address_7 | A v -> Y v  | BUFX2      | 0.083 |   0.323 |    0.316 | 
     | FE_ESOC3151_pre_fetch_instruction_address_7 | A v -> Y v  | DLY1X4     | 0.213 |   0.535 |    0.529 | 
     | pre_fetch_instruction_address_reg[7]        | D v         | SDFFQX1LVT | 0.000 |   0.535 |    0.529 | 
     +-----------------------------------------------------------------------------------------------------+ 
Path 10: MET Hold Check with Pin abt_address_reg_reg[20]/CK 
Endpoint:   abt_address_reg_reg[20]/SI (v) checked with  leading edge of 'i_clk'
Beginpoint: abt_address_reg_reg[20]/Q  (v) triggered by  leading edge of 'i_clk'
Path Groups: {reg2reg}
Analysis View: best
Other End Arrival Time          0.158
+ Hold                         -0.054
+ Phase Shift                   0.000
+ Uncertainty                   0.400
= Required Time                 0.504
  Arrival Time                  0.510
  Slack Time                    0.007
     Clock Rise Edge                 0.000
     + Clock Network Latency (Prop)  0.081
     = Beginpoint Arrival Time       0.081
     +------------------------------------------------------------------------------------------------+ 
     |                 Instance                 |     Arc     |   Cell   | Delay | Arrival | Required | 
     |                                          |             |          |       |  Time   |   Time   | 
     |------------------------------------------+-------------+----------+-------+---------+----------| 
     | abt_address_reg_reg[20]                  | CK ^        |          |       |   0.081 |    0.075 | 
     | abt_address_reg_reg[20]                  | CK ^ -> Q v | SDFFQX1  | 0.236 |   0.317 |    0.311 | 
     | FE_OFC1127_o_dabt_address_20             | A v -> Y v  | BUFX2LVT | 0.079 |   0.397 |    0.390 | 
     | FE_ESOC3153_FE_OFN1128_o_dabt_address_20 | A v -> Y v  | BUFX6    | 0.112 |   0.509 |    0.502 | 
     | abt_address_reg_reg[20]                  | SI v        | SDFFQX1  | 0.001 |   0.510 |    0.504 | 
     +------------------------------------------------------------------------------------------------+ 
Path 11: MET Hold Check with Pin saved_current_instruction_reg[13]/CK 
Endpoint:   saved_current_instruction_reg[13]/D (v) checked with  leading edge 
of 'i_clk'
Beginpoint: saved_current_instruction_reg[13]/Q (v) triggered by  leading edge 
of 'i_clk'
Path Groups: {reg2reg}
Analysis View: best
Other End Arrival Time          0.157
+ Hold                          0.026
+ Phase Shift                   0.000
+ Uncertainty                   0.400
= Required Time                 0.583
  Arrival Time                  0.591
  Slack Time                    0.008
     Clock Rise Edge                 0.000
     + Clock Network Latency (Prop)  0.080
     = Beginpoint Arrival Time       0.080
     +--------------------------------------------------------------------------------------------------+ 
     |                 Instance                 |     Arc     |    Cell    | Delay | Arrival | Required | 
     |                                          |             |            |       |  Time   |   Time   | 
     |------------------------------------------+-------------+------------+-------+---------+----------| 
     | saved_current_instruction_reg[13]        | CK ^        |            |       |   0.080 |    0.072 | 
     | saved_current_instruction_reg[13]        | CK ^ -> Q v | DFFHQX1LVT | 0.154 |   0.234 |    0.226 | 
     | FE_ESOC3177_saved_current_instruction_13 | A v -> Y v  | BUFX2      | 0.073 |   0.307 |    0.299 | 
     | FE_ESOC2992_saved_current_instruction_13 | A v -> Y v  | DLY1X1     | 0.187 |   0.494 |    0.486 | 
     | g67445__7675                             | A v -> Y ^  | NAND2X1LVT | 0.044 |   0.538 |    0.530 | 
     | g67216__128517                           | B0 ^ -> Y v | OAI21X1LVT | 0.053 |   0.591 |    0.583 | 
     | saved_current_instruction_reg[13]        | D v         | DFFHQX1LVT | 0.000 |   0.591 |    0.583 | 
     +--------------------------------------------------------------------------------------------------+ 
Path 12: MET Hold Check with Pin pre_fetch_instruction_address_reg[12]/CK 
Endpoint:   pre_fetch_instruction_address_reg[12]/D (v) checked with  leading 
edge of 'i_clk'
Beginpoint: pre_fetch_instruction_address_reg[12]/Q (v) triggered by  leading 
edge of 'i_clk'
Path Groups: {reg2reg}
Analysis View: best
Other End Arrival Time          0.152
+ Hold                         -0.033
+ Phase Shift                   0.000
+ Uncertainty                   0.400
= Required Time                 0.519
  Arrival Time                  0.528
  Slack Time                    0.009
     Clock Rise Edge                 0.000
     + Clock Network Latency (Prop)  0.075
     = Beginpoint Arrival Time       0.075
     +---------------------------------------------------------------------------------------------------+ 
     |                   Instance                   |     Arc     |  Cell   | Delay | Arrival | Required | 
     |                                              |             |         |       |  Time   |   Time   | 
     |----------------------------------------------+-------------+---------+-------+---------+----------| 
     | pre_fetch_instruction_address_reg[12]        | CK ^        |         |       |   0.075 |    0.067 | 
     | pre_fetch_instruction_address_reg[12]        | CK ^ -> Q v | SDFFQX1 | 0.236 |   0.311 |    0.302 | 
     | FE_ESOC3031_pre_fetch_instruction_address_12 | A v -> Y v  | DLY1X4  | 0.217 |   0.528 |    0.519 | 
     | pre_fetch_instruction_address_reg[12]        | D v         | SDFFQX1 | 0.000 |   0.528 |    0.519 | 
     +---------------------------------------------------------------------------------------------------+ 
Path 13: MET Hold Check with Pin mtrans_reg_d2_reg[0]/CK 
Endpoint:   mtrans_reg_d2_reg[0]/SI (v) checked with  leading edge of 'i_clk'
Beginpoint: mtrans_reg_d2_reg[0]/Q  (v) triggered by  leading edge of 'i_clk'
Path Groups: {reg2reg}
Analysis View: best
Other End Arrival Time          0.153
+ Hold                         -0.038
+ Phase Shift                   0.000
+ Uncertainty                   0.400
= Required Time                 0.515
  Arrival Time                  0.525
  Slack Time                    0.009
     Clock Rise Edge                 0.000
     + Clock Network Latency (Prop)  0.076
     = Beginpoint Arrival Time       0.076
     +----------------------------------------------------------------------------------+ 
     |          Instance           |     Arc     |  Cell   | Delay | Arrival | Required | 
     |                             |             |         |       |  Time   |   Time   | 
     |-----------------------------+-------------+---------+-------+---------+----------| 
     | mtrans_reg_d2_reg[0]        | CK ^        |         |       |   0.076 |    0.067 | 
     | mtrans_reg_d2_reg[0]        | CK ^ -> Q v | SDFFQX1 | 0.231 |   0.308 |    0.299 | 
     | FE_ESOC3065_mtrans_reg_d2_0 | A v -> Y v  | DLY1X4  | 0.217 |   0.525 |    0.515 | 
     | mtrans_reg_d2_reg[0]        | SI v        | SDFFQX1 | 0.000 |   0.525 |    0.515 | 
     +----------------------------------------------------------------------------------+ 
Path 14: MET Hold Check with Pin status_bits_mode_r_reg[1]/CK 
Endpoint:   status_bits_mode_r_reg[1]/D0 (v) checked with  leading edge of 'i_
clk'
Beginpoint: status_bits_mode_r_reg[1]/Q  (v) triggered by  leading edge of 'i_
clk'
Path Groups: {reg2reg}
Analysis View: best
Other End Arrival Time          0.150
+ Hold                         -0.017
+ Phase Shift                   0.000
+ Uncertainty                   0.400
= Required Time                 0.533
  Arrival Time                  0.544
  Slack Time                    0.010
     Clock Rise Edge                 0.000
     + Clock Network Latency (Prop)  0.073
     = Beginpoint Arrival Time       0.073
     +------------------------------------------------------------------------------------------------------+ 
     |                  Instance                   |     Arc     |    Cell     | Delay | Arrival | Required | 
     |                                             |             |             |       |  Time   |   Time   | 
     |---------------------------------------------+-------------+-------------+-------+---------+----------| 
     | status_bits_mode_r_reg[1]                   | CK ^        |             |       |   0.073 |    0.063 | 
     | status_bits_mode_r_reg[1]                   | CK ^ -> Q v | MDFFHQX1LVT | 0.166 |   0.238 |    0.228 | 
     | FE_ESOC3019_FE_OFN1371_o_status_bits_mode_1 | A v -> Y v  | DLY1X4      | 0.217 |   0.455 |    0.445 | 
     | FE_ESOC2956_FE_OFN1371_o_status_bits_mode_1 | A v -> Y v  | BUFX2       | 0.088 |   0.544 |    0.533 | 
     | status_bits_mode_r_reg[1]                   | D0 v        | MDFFHQX1LVT | 0.000 |   0.544 |    0.533 | 
     +------------------------------------------------------------------------------------------------------+ 
Path 15: MET Hold Check with Pin pre_fetch_instruction_address_reg[5]/CK 
Endpoint:   pre_fetch_instruction_address_reg[5]/D (v) checked with  leading 
edge of 'i_clk'
Beginpoint: pre_fetch_instruction_address_reg[5]/Q (v) triggered by  leading 
edge of 'i_clk'
Path Groups: {reg2reg}
Analysis View: best
Other End Arrival Time          0.152
+ Hold                         -0.039
+ Phase Shift                   0.000
+ Uncertainty                   0.400
= Required Time                 0.513
  Arrival Time                  0.524
  Slack Time                    0.011
     Clock Rise Edge                 0.000
     + Clock Network Latency (Prop)  0.075
     = Beginpoint Arrival Time       0.075
     +-----------------------------------------------------------------------------------------------------+ 
     |                  Instance                   |     Arc     |    Cell    | Delay | Arrival | Required | 
     |                                             |             |            |       |  Time   |   Time   | 
     |---------------------------------------------+-------------+------------+-------+---------+----------| 
     | pre_fetch_instruction_address_reg[5]        | CK ^        |            |       |   0.075 |    0.065 | 
     | pre_fetch_instruction_address_reg[5]        | CK ^ -> Q v | SDFFQX1LVT | 0.159 |   0.235 |    0.224 | 
     | FE_ESOC3240_pre_fetch_instruction_address_5 | A v -> Y v  | BUFX2      | 0.087 |   0.322 |    0.311 | 
     | FE_ESOC3164_pre_fetch_instruction_address_5 | A v -> Y v  | DLY1X1     | 0.202 |   0.524 |    0.513 | 
     | pre_fetch_instruction_address_reg[5]        | D v         | SDFFQX1LVT | 0.000 |   0.524 |    0.513 | 
     +-----------------------------------------------------------------------------------------------------+ 
Path 16: MET Hold Check with Pin saved_current_instruction_reg[7]/CK 
Endpoint:   saved_current_instruction_reg[7]/D (v) checked with  leading edge 
of 'i_clk'
Beginpoint: saved_current_instruction_reg[7]/Q (v) triggered by  leading edge 
of 'i_clk'
Path Groups: {reg2reg}
Analysis View: best
Other End Arrival Time          0.158
+ Hold                          0.028
+ Phase Shift                   0.000
+ Uncertainty                   0.400
= Required Time                 0.587
  Arrival Time                  0.598
  Slack Time                    0.011
     Clock Rise Edge                 0.000
     + Clock Network Latency (Prop)  0.081
     = Beginpoint Arrival Time       0.081
     +---------------------------------------------------------------------------------------------+ 
     |             Instance             |     Arc      |     Cell     | Delay | Arrival | Required | 
     |                                  |              |              |       |  Time   |   Time   | 
     |----------------------------------+--------------+--------------+-------+---------+----------| 
     | saved_current_instruction_reg[7] | CK ^         |              |       |   0.081 |    0.070 | 
     | saved_current_instruction_reg[7] | CK ^ -> Q v  | DFFHQX1LVT   | 0.174 |   0.255 |    0.245 | 
     | g67279__98312                    | A0N v -> Y v | OAI2BB1X1LVT | 0.126 |   0.381 |    0.370 | 
     | FE_ESOC3142_n_32278              | A v -> Y v   | BUFX4LVT     | 0.099 |   0.480 |    0.469 | 
     | FE_ESOC2988_n_32278              | A v -> Y v   | DLY1X1LVT    | 0.118 |   0.598 |    0.587 | 
     | saved_current_instruction_reg[7] | D v          | DFFHQX1LVT   | 0.000 |   0.598 |    0.587 | 
     +---------------------------------------------------------------------------------------------+ 
Path 17: MET Hold Check with Pin pre_fetch_instruction_iabt_status_reg[7]/CK 
Endpoint:   pre_fetch_instruction_iabt_status_reg[7]/D (v) checked with  
leading edge of 'i_clk'
Beginpoint: pre_fetch_instruction_iabt_status_reg[7]/Q (v) triggered by  
leading edge of 'i_clk'
Path Groups: {reg2reg}
Analysis View: best
Other End Arrival Time          0.151
+ Hold                         -0.039
+ Phase Shift                   0.000
+ Uncertainty                   0.400
= Required Time                 0.511
  Arrival Time                  0.523
  Slack Time                    0.012
     Clock Rise Edge                 0.000
     + Clock Network Latency (Prop)  0.073
     = Beginpoint Arrival Time       0.073
     +---------------------------------------------------------------------------------------------------------+ 
     |                    Instance                     |     Arc     |    Cell    | Delay | Arrival | Required | 
     |                                                 |             |            |       |  Time   |   Time   | 
     |-------------------------------------------------+-------------+------------+-------+---------+----------| 
     | pre_fetch_instruction_iabt_status_reg[7]        | CK ^        |            |       |   0.074 |    0.062 | 
     | pre_fetch_instruction_iabt_status_reg[7]        | CK ^ -> Q v | SDFFQX1LVT | 0.164 |   0.238 |    0.226 | 
     | FE_ESOC3239_pre_fetch_instruction_iabt_status_7 | A v -> Y v  | BUFX2      | 0.088 |   0.326 |    0.314 | 
     | FE_ESOC3150_pre_fetch_instruction_iabt_status_7 | A v -> Y v  | DLY1X1     | 0.197 |   0.523 |    0.511 | 
     | pre_fetch_instruction_iabt_status_reg[7]        | D v         | SDFFQX1LVT | 0.000 |   0.523 |    0.511 | 
     +---------------------------------------------------------------------------------------------------------+ 
Path 18: MET Hold Check with Pin o_read_data_reg[2]/CK 
Endpoint:   o_read_data_reg[2]/D1 (v) checked with  leading edge of 'i_clk'
Beginpoint: o_read_data_reg[2]/Q  (v) triggered by  leading edge of 'i_clk'
Path Groups: {reg2reg}
Analysis View: best
Other End Arrival Time          0.158
+ Hold                         -0.030
+ Phase Shift                   0.000
+ Uncertainty                   0.400
= Required Time                 0.529
  Arrival Time                  0.540
  Slack Time                    0.012
     Clock Rise Edge                 0.000
     + Clock Network Latency (Prop)  0.082
     = Beginpoint Arrival Time       0.082
     +----------------------------------------------------------------------------------------------+ 
     |              Instance               |     Arc     |    Cell     | Delay | Arrival | Required | 
     |                                     |             |             |       |  Time   |   Time   | 
     |-------------------------------------+-------------+-------------+-------+---------+----------| 
     | o_read_data_reg[2]                  | CK ^        |             |       |   0.082 |    0.070 | 
     | o_read_data_reg[2]                  | CK ^ -> Q v | MDFFHQX1LVT | 0.195 |   0.277 |    0.265 | 
     | FE_ESOC3015_FE_OFN970_o_read_data_2 | A v -> Y v  | DLY1X4      | 0.263 |   0.540 |    0.528 | 
     | o_read_data_reg[2]                  | D1 v        | MDFFHQX1LVT | 0.001 |   0.540 |    0.529 | 
     +----------------------------------------------------------------------------------------------+ 
Path 19: MET Hold Check with Pin abt_address_reg_reg[5]/CK 
Endpoint:   abt_address_reg_reg[5]/SI (v) checked with  leading edge of 'i_clk'
Beginpoint: abt_address_reg_reg[5]/Q  (v) triggered by  leading edge of 'i_clk'
Path Groups: {reg2reg}
Analysis View: best
Other End Arrival Time          0.158
+ Hold                         -0.060
+ Phase Shift                   0.000
+ Uncertainty                   0.400
= Required Time                 0.498
  Arrival Time                  0.510
  Slack Time                    0.012
     Clock Rise Edge                 0.000
     + Clock Network Latency (Prop)  0.082
     = Beginpoint Arrival Time       0.082
     +-----------------------------------------------------------------------------------------------+ 
     |                Instance                 |     Arc     |   Cell   | Delay | Arrival | Required | 
     |                                         |             |          |       |  Time   |   Time   | 
     |-----------------------------------------+-------------+----------+-------+---------+----------| 
     | abt_address_reg_reg[5]                  | CK ^        |          |       |   0.081 |    0.070 | 
     | abt_address_reg_reg[5]                  | CK ^ -> Q v | SDFFQX1  | 0.230 |   0.312 |    0.300 | 
     | FE_OFC1192_o_dabt_address_5             | A v -> Y v  | BUFX2LVT | 0.079 |   0.391 |    0.379 | 
     | FE_ESOC3134_FE_OFN1193_o_dabt_address_5 | A v -> Y v  | BUFX6    | 0.117 |   0.508 |    0.496 | 
     | abt_address_reg_reg[5]                  | SI v        | SDFFQX1  | 0.002 |   0.510 |    0.498 | 
     +-----------------------------------------------------------------------------------------------+ 
Path 20: MET Hold Check with Pin saved_current_instruction_reg[21]/CK 
Endpoint:   saved_current_instruction_reg[21]/SI (v) checked with  leading edge 
of 'i_clk'
Beginpoint: saved_current_instruction_reg[21]/Q  (v) triggered by  leading edge 
of 'i_clk'
Path Groups: {reg2reg}
Analysis View: best
Other End Arrival Time          0.157
+ Hold                         -0.033
+ Phase Shift                   0.000
+ Uncertainty                   0.400
= Required Time                 0.524
  Arrival Time                  0.537
  Slack Time                    0.013
     Clock Rise Edge                 0.000
     + Clock Network Latency (Prop)  0.080
     = Beginpoint Arrival Time       0.080
     +--------------------------------------------------------------------------------------------------+ 
     |                 Instance                 |     Arc     |    Cell    | Delay | Arrival | Required | 
     |                                          |             |            |       |  Time   |   Time   | 
     |------------------------------------------+-------------+------------+-------+---------+----------| 
     | saved_current_instruction_reg[21]        | CK ^        |            |       |   0.080 |    0.067 | 
     | saved_current_instruction_reg[21]        | CK ^ -> Q v | SDFFQX1LVT | 0.174 |   0.254 |    0.241 | 
     | FE_ESOC3195_saved_current_instruction_21 | A v -> Y v  | BUFX2LVT   | 0.068 |   0.322 |    0.309 | 
     | FE_ESOC2971_saved_current_instruction_21 | A v -> Y v  | DLY1X4     | 0.214 |   0.536 |    0.524 | 
     | saved_current_instruction_reg[21]        | SI v        | SDFFQX1LVT | 0.000 |   0.537 |    0.524 | 
     +--------------------------------------------------------------------------------------------------+ 
Path 21: MET Hold Check with Pin pre_fetch_instruction_address_reg[25]/CK 
Endpoint:   pre_fetch_instruction_address_reg[25]/D (v) checked with  leading 
edge of 'i_clk'
Beginpoint: pre_fetch_instruction_address_reg[25]/Q (v) triggered by  leading 
edge of 'i_clk'
Path Groups: {reg2reg}
Analysis View: best
Other End Arrival Time          0.152
+ Hold                         -0.026
+ Phase Shift                   0.000
+ Uncertainty                   0.400
= Required Time                 0.527
  Arrival Time                  0.539
  Slack Time                    0.013
     Clock Rise Edge                 0.000
     + Clock Network Latency (Prop)  0.075
     = Beginpoint Arrival Time       0.075
     +------------------------------------------------------------------------------------------------------+ 
     |                   Instance                   |     Arc     |    Cell    | Delay | Arrival | Required | 
     |                                              |             |            |       |  Time   |   Time   | 
     |----------------------------------------------+-------------+------------+-------+---------+----------| 
     | pre_fetch_instruction_address_reg[25]        | CK ^        |            |       |   0.075 |    0.062 | 
     | pre_fetch_instruction_address_reg[25]        | CK ^ -> Q v | SDFFQX1LVT | 0.164 |   0.239 |    0.226 | 
     | FE_ESOC3245_pre_fetch_instruction_address_25 | A v -> Y v  | BUFX2      | 0.084 |   0.323 |    0.310 | 
     | FE_ESOC3141_pre_fetch_instruction_address_25 | A v -> Y v  | DLY1X4     | 0.216 |   0.539 |    0.527 | 
     | pre_fetch_instruction_address_reg[25]        | D v         | SDFFQX1LVT | 0.000 |   0.539 |    0.527 | 
     +------------------------------------------------------------------------------------------------------+ 
Path 22: MET Hold Check with Pin o_imm32_reg[13]/CK 
Endpoint:   o_imm32_reg[13]/D (^) checked with  leading edge of 'i_clk'
Beginpoint: o_imm32_reg[13]/Q (^) triggered by  leading edge of 'i_clk'
Path Groups: {reg2reg}
Analysis View: best
Other End Arrival Time          0.151
+ Hold                         -0.039
+ Phase Shift                   0.000
+ Uncertainty                   0.400
= Required Time                 0.513
  Arrival Time                  0.526
  Slack Time                    0.013
     Clock Rise Edge                 0.000
     + Clock Network Latency (Prop)  0.074
     = Beginpoint Arrival Time       0.074
     +-------------------------------------------------------------------------------------------+ 
     |             Instance              |     Arc     |    Cell    | Delay | Arrival | Required | 
     |                                   |             |            |       |  Time   |   Time   | 
     |-----------------------------------+-------------+------------+-------+---------+----------| 
     | o_imm32_reg[13]                   | CK ^        |            |       |   0.074 |    0.061 | 
     | o_imm32_reg[13]                   | CK ^ -> Q ^ | DFFHQX1LVT | 0.136 |   0.211 |    0.197 | 
     | FE_ESOC3169_FE_OFN1032_o_imm32_13 | A ^ -> Y ^  | BUFX2      | 0.081 |   0.291 |    0.278 | 
     | FE_OFC1032_o_imm32_13             | A ^ -> Y v  | INVX1LVT   | 0.023 |   0.315 |    0.301 | 
     | FE_OFC1033_o_imm32_13             | A v -> Y ^  | INVX1LVT   | 0.026 |   0.341 |    0.327 | 
     | g116771                           | B ^ -> Y ^  | AND2X1LVT  | 0.089 |   0.430 |    0.417 | 
     | g118288                           | B0 ^ -> Y v | AOI21X1LVT | 0.025 |   0.456 |    0.442 | 
     | g98966                            | A v -> Y ^  | NAND2X1LVT | 0.025 |   0.480 |    0.467 | 
     | g98964                            | B ^ -> Y v  | NOR2X1LVT  | 0.021 |   0.501 |    0.488 | 
     | g67625__72561                     | B0 v -> Y ^ | OAI21X1LVT | 0.025 |   0.526 |    0.513 | 
     | o_imm32_reg[13]                   | D ^         | DFFHQX1LVT | 0.000 |   0.526 |    0.513 | 
     +-------------------------------------------------------------------------------------------+ 
Path 23: MET Hold Check with Pin saved_current_instruction_address_reg[21]/CK 
Endpoint:   saved_current_instruction_address_reg[21]/SI (v) checked with  
leading edge of 'i_clk'
Beginpoint: saved_current_instruction_address_reg[21]/Q  (v) triggered by  
leading edge of 'i_clk'
Path Groups: {reg2reg}
Analysis View: best
Other End Arrival Time          0.150
+ Hold                         -0.027
+ Phase Shift                   0.000
+ Uncertainty                   0.400
= Required Time                 0.523
  Arrival Time                  0.537
  Slack Time                    0.014
     Clock Rise Edge                 0.000
     + Clock Network Latency (Prop)  0.073
     = Beginpoint Arrival Time       0.073
     +----------------------------------------------------------------------------------------------------------+ 
     |                     Instance                     |     Arc     |    Cell    | Delay | Arrival | Required | 
     |                                                  |             |            |       |  Time   |   Time   | 
     |--------------------------------------------------+-------------+------------+-------+---------+----------| 
     | saved_current_instruction_address_reg[21]        | CK ^        |            |       |   0.073 |    0.060 | 
     | saved_current_instruction_address_reg[21]        | CK ^ -> Q v | SDFFQX1LVT | 0.164 |   0.237 |    0.224 | 
     | FE_ESOC3241_saved_current_instruction_address_21 | A v -> Y v  | BUFX2      | 0.085 |   0.322 |    0.309 | 
     | FE_ESOC3116_saved_current_instruction_address_21 | A v -> Y v  | DLY1X4     | 0.215 |   0.537 |    0.523 | 
     | saved_current_instruction_address_reg[21]        | SI v        | SDFFQX1LVT | 0.000 |   0.537 |    0.523 | 
     +----------------------------------------------------------------------------------------------------------+ 
Path 24: MET Hold Check with Pin o_status_bits_sel_reg[0]/CK 
Endpoint:   o_status_bits_sel_reg[0]/D (v) checked with  leading edge of 'i_clk'
Beginpoint: o_status_bits_sel_reg[0]/Q (v) triggered by  leading edge of 'i_clk'
Path Groups: {reg2reg}
Analysis View: best
Other End Arrival Time          0.152
+ Hold                          0.025
+ Phase Shift                   0.000
+ Uncertainty                   0.400
= Required Time                 0.577
  Arrival Time                  0.591
  Slack Time                    0.014
     Clock Rise Edge                 0.000
     + Clock Network Latency (Prop)  0.075
     = Beginpoint Arrival Time       0.075
     +------------------------------------------------------------------------------------------------------+ 
     |                  Instance                  |     Arc     |     Cell     | Delay | Arrival | Required | 
     |                                            |             |              |       |  Time   |   Time   | 
     |--------------------------------------------+-------------+--------------+-------+---------+----------| 
     | o_status_bits_sel_reg[0]                   | CK ^        |              |       |   0.075 |    0.062 | 
     | o_status_bits_sel_reg[0]                   | CK ^ -> Q v | DFFHQX1LVT   | 0.158 |   0.234 |    0.220 | 
     | FE_ESOC3055_FE_OFN1607_o_status_bits_sel_0 | A v -> Y v  | DLY1X4       | 0.209 |   0.442 |    0.429 | 
     | FE_OFC1607_o_status_bits_sel_0             | A v -> Y ^  | INVX2LVT     | 0.030 |   0.473 |    0.459 | 
     | FE_OFC1608_o_status_bits_sel_0             | A ^ -> Y v  | CLKINVX20LVT | 0.021 |   0.494 |    0.480 | 
     | g67506__75840                              | A1 v -> Y ^ | AOI21X1LVT   | 0.044 |   0.538 |    0.524 | 
     | g67474__7118                               | A ^ -> Y v  | NAND2X1LVT   | 0.053 |   0.591 |    0.577 | 
     | o_status_bits_sel_reg[0]                   | D v         | DFFHQX1LVT   | 0.000 |   0.591 |    0.577 | 
     +------------------------------------------------------------------------------------------------------+ 
Path 25: MET Hold Check with Pin abt_address_reg_reg[14]/CK 
Endpoint:   abt_address_reg_reg[14]/SI (v) checked with  leading edge of 'i_clk'
Beginpoint: abt_address_reg_reg[14]/Q  (v) triggered by  leading edge of 'i_clk'
Path Groups: {reg2reg}
Analysis View: best
Other End Arrival Time          0.158
+ Hold                         -0.060
+ Phase Shift                   0.000
+ Uncertainty                   0.400
= Required Time                 0.499
  Arrival Time                  0.513
  Slack Time                    0.014
     Clock Rise Edge                 0.000
     + Clock Network Latency (Prop)  0.082
     = Beginpoint Arrival Time       0.082
     +-------------------------------------------------------------------------------------------------+ 
     |                 Instance                 |     Arc     |   Cell    | Delay | Arrival | Required | 
     |                                          |             |           |       |  Time   |   Time   | 
     |------------------------------------------+-------------+-----------+-------+---------+----------| 
     | abt_address_reg_reg[14]                  | CK ^        |           |       |   0.082 |    0.068 | 
     | abt_address_reg_reg[14]                  | CK ^ -> Q v | SDFFQX1   | 0.264 |   0.346 |    0.332 | 
     | FE_ESOC3085_FE_OFN1155_o_dabt_address_14 | A v -> Y v  | DLY1X1LVT | 0.167 |   0.513 |    0.499 | 
     | abt_address_reg_reg[14]                  | SI v        | SDFFQX1   | 0.000 |   0.513 |    0.499 | 
     +-------------------------------------------------------------------------------------------------+ 
Path 26: MET Hold Check with Pin pre_fetch_instruction_address_reg[2]/CK 
Endpoint:   pre_fetch_instruction_address_reg[2]/D (v) checked with  leading 
edge of 'i_clk'
Beginpoint: pre_fetch_instruction_address_reg[2]/Q (v) triggered by  leading 
edge of 'i_clk'
Path Groups: {reg2reg}
Analysis View: best
Other End Arrival Time          0.152
+ Hold                         -0.032
+ Phase Shift                   0.000
+ Uncertainty                   0.400
= Required Time                 0.520
  Arrival Time                  0.535
  Slack Time                    0.015
     Clock Rise Edge                 0.000
     + Clock Network Latency (Prop)  0.075
     = Beginpoint Arrival Time       0.075
     +--------------------------------------------------------------------------------------------------+ 
     |                  Instance                   |     Arc     |  Cell   | Delay | Arrival | Required | 
     |                                             |             |         |       |  Time   |   Time   | 
     |---------------------------------------------+-------------+---------+-------+---------+----------| 
     | pre_fetch_instruction_address_reg[2]        | CK ^        |         |       |   0.075 |    0.060 | 
     | pre_fetch_instruction_address_reg[2]        | CK ^ -> Q v | SDFFQX1 | 0.240 |   0.316 |    0.301 | 
     | FE_ESOC3037_pre_fetch_instruction_address_2 | A v -> Y v  | DLY1X4  | 0.219 |   0.535 |    0.520 | 
     | pre_fetch_instruction_address_reg[2]        | D v         | SDFFQX1 | 0.000 |   0.535 |    0.520 | 
     +--------------------------------------------------------------------------------------------------+ 
Path 27: MET Hold Check with Pin o_imm32_reg[14]/CK 
Endpoint:   o_imm32_reg[14]/D (^) checked with  leading edge of 'i_clk'
Beginpoint: o_imm32_reg[14]/Q (^) triggered by  leading edge of 'i_clk'
Path Groups: {reg2reg}
Analysis View: best
Other End Arrival Time          0.151
+ Hold                         -0.039
+ Phase Shift                   0.000
+ Uncertainty                   0.400
= Required Time                 0.512
  Arrival Time                  0.527
  Slack Time                    0.016
     Clock Rise Edge                 0.000
     + Clock Network Latency (Prop)  0.074
     = Beginpoint Arrival Time       0.074
     +------------------------------------------------------------------------------------------+ 
     |             Instance             |     Arc     |    Cell    | Delay | Arrival | Required | 
     |                                  |             |            |       |  Time   |   Time   | 
     |----------------------------------+-------------+------------+-------+---------+----------| 
     | o_imm32_reg[14]                  | CK ^        |            |       |   0.074 |    0.059 | 
     | o_imm32_reg[14]                  | CK ^ -> Q ^ | DFFHQX1LVT | 0.146 |   0.220 |    0.204 | 
     | FE_PHC2777_FE_OFN1029_o_imm32_14 | A ^ -> Y ^  | DLY1X1     | 0.166 |   0.386 |    0.370 | 
     | g68034__7114                     | A0 ^ -> Y v | AOI21X1LVT | 0.059 |   0.445 |    0.429 | 
     | g67939__97022                    | B0 v -> Y v | OA21X1LVT  | 0.056 |   0.501 |    0.486 | 
     | g67480__93426                    | B0 v -> Y ^ | OAI21X1LVT | 0.026 |   0.527 |    0.512 | 
     | o_imm32_reg[14]                  | D ^         | DFFHQX1LVT | 0.000 |   0.527 |    0.512 | 
     +------------------------------------------------------------------------------------------+ 
Path 28: MET Hold Check with Pin o_reg_bank_wen_reg[12]/CK 
Endpoint:   o_reg_bank_wen_reg[12]/D (v) checked with  leading edge of 'i_clk'
Beginpoint: o_reg_bank_wen_reg[12]/Q (v) triggered by  leading edge of 'i_clk'
Path Groups: {reg2reg}
Analysis View: best
Other End Arrival Time          0.154
+ Hold                          0.022
+ Phase Shift                   0.000
+ Uncertainty                   0.400
= Required Time                 0.576
  Arrival Time                  0.592
  Slack Time                    0.016
     Clock Rise Edge                 0.000
     + Clock Network Latency (Prop)  0.077
     = Beginpoint Arrival Time       0.077
     +----------------------------------------------------------------------------------------+ 
     |           Instance           |     Arc     |     Cell     | Delay | Arrival | Required | 
     |                              |             |              |       |  Time   |   Time   | 
     |------------------------------+-------------+--------------+-------+---------+----------| 
     | o_reg_bank_wen_reg[12]       | CK ^        |              |       |   0.077 |    0.060 | 
     | o_reg_bank_wen_reg[12]       | CK ^ -> Q v | DFFHQX1LVT   | 0.158 |   0.235 |    0.218 | 
     | FE_OFC1609_o_reg_bank_wen_12 | A v -> Y ^  | INVX2LVT     | 0.030 |   0.265 |    0.248 | 
     | FE_OFC1610_o_reg_bank_wen_12 | A ^ -> Y v  | CLKINVX20LVT | 0.022 |   0.286 |    0.270 | 
     | g116422                      | A v -> Y ^  | NAND2XL      | 0.048 |   0.334 |    0.318 | 
     | FE_ESOC3078_n_51076          | A ^ -> Y ^  | DLY1X1       | 0.187 |   0.521 |    0.504 | 
     | g119581                      | B0 ^ -> Y v | OAI31X1LVT   | 0.072 |   0.592 |    0.576 | 
     | o_reg_bank_wen_reg[12]       | D v         | DFFHQX1LVT   | 0.000 |   0.592 |    0.576 | 
     +----------------------------------------------------------------------------------------+ 
Path 29: MET Hold Check with Pin mtrans_reg_d2_reg[1]/CK 
Endpoint:   mtrans_reg_d2_reg[1]/SI (v) checked with  leading edge of 'i_clk'
Beginpoint: mtrans_reg_d2_reg[1]/Q  (v) triggered by  leading edge of 'i_clk'
Path Groups: {reg2reg}
Analysis View: best
Other End Arrival Time          0.153
+ Hold                         -0.044
+ Phase Shift                   0.000
+ Uncertainty                   0.400
= Required Time                 0.509
  Arrival Time                  0.525
  Slack Time                    0.016
     Clock Rise Edge                 0.000
     + Clock Network Latency (Prop)  0.076
     = Beginpoint Arrival Time       0.076
     +----------------------------------------------------------------------------------+ 
     |          Instance           |     Arc     |  Cell   | Delay | Arrival | Required | 
     |                             |             |         |       |  Time   |   Time   | 
     |-----------------------------+-------------+---------+-------+---------+----------| 
     | mtrans_reg_d2_reg[1]        | CK ^        |         |       |   0.076 |    0.060 | 
     | mtrans_reg_d2_reg[1]        | CK ^ -> Q v | SDFFQX1 | 0.251 |   0.327 |    0.310 | 
     | FE_ESOC3068_mtrans_reg_d2_1 | A v -> Y v  | DLY1X1  | 0.198 |   0.525 |    0.509 | 
     | mtrans_reg_d2_reg[1]        | SI v        | SDFFQX1 | 0.000 |   0.525 |    0.509 | 
     +----------------------------------------------------------------------------------+ 
Path 30: MET Hold Check with Pin saved_current_instruction_reg[1]/CK 
Endpoint:   saved_current_instruction_reg[1]/D (v) checked with  leading edge 
of 'i_clk'
Beginpoint: pre_fetch_instruction_reg[1]/Q     (v) triggered by  leading edge 
of 'i_clk'
Path Groups: {reg2reg}
Analysis View: best
Other End Arrival Time          0.151
+ Hold                         -0.027
+ Phase Shift                   0.000
+ Uncertainty                   0.400
= Required Time                 0.524
  Arrival Time                  0.541
  Slack Time                    0.017
     Clock Rise Edge                 0.000
     + Clock Network Latency (Prop)  0.074
     = Beginpoint Arrival Time       0.074
     +------------------------------------------------------------------------------------------+ 
     |             Instance             |     Arc     |    Cell    | Delay | Arrival | Required | 
     |                                  |             |            |       |  Time   |   Time   | 
     |----------------------------------+-------------+------------+-------+---------+----------| 
     | pre_fetch_instruction_reg[1]     | CK ^        |            |       |   0.074 |    0.057 | 
     | pre_fetch_instruction_reg[1]     | CK ^ -> Q v | SDFFQX1LVT | 0.152 |   0.226 |    0.209 | 
     | g75795                           | B v -> Y v  | AND2X1LVT  | 0.051 |   0.277 |    0.260 | 
     | FE_RC_115_0                      | A v -> Y ^  | INVX1      | 0.054 |   0.331 |    0.314 | 
     | FE_RC_113_0                      | A ^ -> Y v  | NAND3X8LVT | 0.095 |   0.426 |    0.410 | 
     | g67994__101031                   | A0 v -> Y v | AO21X1LVT  | 0.114 |   0.541 |    0.524 | 
     | saved_current_instruction_reg[1] | D v         | SDFFQX1LVT | 0.000 |   0.541 |    0.524 | 
     +------------------------------------------------------------------------------------------+ 
Path 31: MET Hold Check with Pin o_imm32_reg[12]/CK 
Endpoint:   o_imm32_reg[12]/D (^) checked with  leading edge of 'i_clk'
Beginpoint: o_imm32_reg[12]/Q (^) triggered by  leading edge of 'i_clk'
Path Groups: {reg2reg}
Analysis View: best
Other End Arrival Time          0.151
+ Hold                         -0.038
+ Phase Shift                   0.000
+ Uncertainty                   0.400
= Required Time                 0.513
  Arrival Time                  0.530
  Slack Time                    0.017
     Clock Rise Edge                 0.000
     + Clock Network Latency (Prop)  0.074
     = Beginpoint Arrival Time       0.074
     +-------------------------------------------------------------------------------------------+ 
     |             Instance              |     Arc     |    Cell    | Delay | Arrival | Required | 
     |                                   |             |            |       |  Time   |   Time   | 
     |-----------------------------------+-------------+------------+-------+---------+----------| 
     | o_imm32_reg[12]                   | CK ^        |            |       |   0.074 |    0.057 | 
     | o_imm32_reg[12]                   | CK ^ -> Q ^ | DFFHQX1LVT | 0.153 |   0.227 |    0.210 | 
     | FE_ESOC3060_FE_OFN1034_o_imm32_12 | A ^ -> Y ^  | DLY1X1     | 0.193 |   0.421 |    0.404 | 
     | g182                              | A0 ^ -> Y v | AOI21X1LVT | 0.076 |   0.497 |    0.480 | 
     | g181                              | B v -> Y ^  | NAND3X1LVT | 0.033 |   0.530 |    0.513 | 
     | o_imm32_reg[12]                   | D ^         | DFFHQX1LVT | 0.000 |   0.530 |    0.513 | 
     +-------------------------------------------------------------------------------------------+ 
Path 32: MET Hold Check with Pin o_read_data_reg[24]/CK 
Endpoint:   o_read_data_reg[24]/D1 (v) checked with  leading edge of 'i_clk'
Beginpoint: o_read_data_reg[24]/Q  (v) triggered by  leading edge of 'i_clk'
Path Groups: {reg2reg}
Analysis View: best
Other End Arrival Time          0.157
+ Hold                         -0.031
+ Phase Shift                   0.000
+ Uncertainty                   0.400
= Required Time                 0.526
  Arrival Time                  0.544
  Slack Time                    0.018
     Clock Rise Edge                 0.000
     + Clock Network Latency (Prop)  0.080
     = Beginpoint Arrival Time       0.080
     +-----------------------------------------------------------------------------------------------+ 
     |               Instance               |     Arc     |    Cell     | Delay | Arrival | Required | 
     |                                      |             |             |       |  Time   |   Time   | 
     |--------------------------------------+-------------+-------------+-------+---------+----------| 
     | o_read_data_reg[24]                  | CK ^        |             |       |   0.080 |    0.063 | 
     | o_read_data_reg[24]                  | CK ^ -> Q v | MDFFHQX4LVT | 0.174 |   0.255 |    0.237 | 
     | FE_ESOC3213_FE_OFN901_o_read_data_24 | A v -> Y v  | BUFX2LVT    | 0.051 |   0.306 |    0.288 | 
     | FE_ESOC2985_FE_OFN901_o_read_data_24 | A v -> Y v  | DLY1X4      | 0.237 |   0.543 |    0.526 | 
     | o_read_data_reg[24]                  | D1 v        | MDFFHQX4LVT | 0.001 |   0.544 |    0.526 | 
     +-----------------------------------------------------------------------------------------------+ 
Path 33: MET Hold Check with Pin o_read_data_reg[23]/CK 
Endpoint:   o_read_data_reg[23]/D1 (v) checked with  leading edge of 'i_clk'
Beginpoint: o_read_data_reg[23]/Q  (v) triggered by  leading edge of 'i_clk'
Path Groups: {reg2reg}
Analysis View: best
Other End Arrival Time          0.157
+ Hold                         -0.019
+ Phase Shift                   0.000
+ Uncertainty                   0.400
= Required Time                 0.538
  Arrival Time                  0.555
  Slack Time                    0.018
     Clock Rise Edge                 0.000
     + Clock Network Latency (Prop)  0.080
     = Beginpoint Arrival Time       0.080
     +----------------------------------------------------------------------------------------------+ 
     |              Instance               |     Arc     |    Cell     | Delay | Arrival | Required | 
     |                                     |             |             |       |  Time   |   Time   | 
     |-------------------------------------+-------------+-------------+-------+---------+----------| 
     | o_read_data_reg[23]                 | CK ^        |             |       |   0.080 |    0.062 | 
     | o_read_data_reg[23]                 | CK ^ -> Q v | MDFFHQX1LVT | 0.154 |   0.235 |    0.217 | 
     | FE_OFC903_o_read_data_23            | A v -> Y v  | BUFX2LVT    | 0.083 |   0.317 |    0.300 | 
     | FE_PHC2779_FE_OFN904_o_read_data_23 | A v -> Y v  | DLY1X4      | 0.238 |   0.555 |    0.538 | 
     | o_read_data_reg[23]                 | D1 v        | MDFFHQX1LVT | 0.000 |   0.555 |    0.538 | 
     +----------------------------------------------------------------------------------------------+ 
Path 34: MET Hold Check with Pin o_status_bits_flags_wen_reg/CK 
Endpoint:   o_status_bits_flags_wen_reg/D (^) checked with  leading edge of 'i_
clk'
Beginpoint: o_status_bits_flags_wen_reg/Q (^) triggered by  leading edge of 'i_
clk'
Path Groups: {reg2reg}
Analysis View: best
Other End Arrival Time          0.152
+ Hold                         -0.040
+ Phase Shift                   0.000
+ Uncertainty                   0.400
= Required Time                 0.512
  Arrival Time                  0.530
  Slack Time                    0.018
     Clock Rise Edge                 0.000
     + Clock Network Latency (Prop)  0.075
     = Beginpoint Arrival Time       0.075
     +-------------------------------------------------------------------------------------+ 
     |          Instance           |     Arc     |    Cell    | Delay | Arrival | Required | 
     |                             |             |            |       |  Time   |   Time   | 
     |-----------------------------+-------------+------------+-------+---------+----------| 
     | o_status_bits_flags_wen_reg | CK ^        |            |       |   0.075 |    0.057 | 
     | o_status_bits_flags_wen_reg | CK ^ -> Q ^ | DFFHQX1LVT | 0.171 |   0.246 |    0.228 | 
     | g67992__87972               | A0 ^ -> Y v | AOI21X1LVT | 0.081 |   0.326 |    0.309 | 
     | g67509__2391                | A v -> Y ^  | NAND2X1LVT | 0.032 |   0.359 |    0.341 | 
     | FE_ESOC3077_n_2112          | A ^ -> Y ^  | DLY1X1     | 0.171 |   0.530 |    0.512 | 
     | o_status_bits_flags_wen_reg | D ^         | DFFHQX1LVT | 0.000 |   0.530 |    0.512 | 
     +-------------------------------------------------------------------------------------+ 
Path 35: MET Hold Check with Pin address_sel_r_reg[1]/CK 
Endpoint:   address_sel_r_reg[1]/D (^) checked with  leading edge of 'i_clk'
Beginpoint: address_sel_r_reg[1]/Q (^) triggered by  leading edge of 'i_clk'
Path Groups: {reg2reg}
Analysis View: best
Other End Arrival Time          0.150
+ Hold                         -0.036
+ Phase Shift                   0.000
+ Uncertainty                   0.400
= Required Time                 0.515
  Arrival Time                  0.533
  Slack Time                    0.018
     Clock Rise Edge                 0.000
     + Clock Network Latency (Prop)  0.073
     = Beginpoint Arrival Time       0.073
     +------------------------------------------------------------------------------+ 
     |       Instance       |     Arc     |    Cell    | Delay | Arrival | Required | 
     |                      |             |            |       |  Time   |   Time   | 
     |----------------------+-------------+------------+-------+---------+----------| 
     | address_sel_r_reg[1] | CK ^        |            |       |   0.074 |    0.055 | 
     | address_sel_r_reg[1] | CK ^ -> Q ^ | DFFHQX1LVT | 0.174 |   0.248 |    0.229 | 
     | g68047__7118         | A1 ^ -> Y v | AOI21XL    | 0.139 |   0.386 |    0.368 | 
     | g67926__100730       | B0 v -> Y v | OA21X1LVT  | 0.065 |   0.451 |    0.433 | 
     | g67859__98913        | B0 v -> Y ^ | OAI21X1LVT | 0.021 |   0.472 |    0.454 | 
     | g67693__98911        | B ^ -> Y v  | NOR3X1LVT  | 0.033 |   0.505 |    0.487 | 
     | g67467__6083         | A v -> Y ^  | NAND2X1LVT | 0.028 |   0.533 |    0.515 | 
     | address_sel_r_reg[1] | D ^         | DFFHQX1LVT | 0.000 |   0.533 |    0.515 | 
     +------------------------------------------------------------------------------+ 
Path 36: MET Hold Check with Pin address_sel_r_reg[2]/CK 
Endpoint:   address_sel_r_reg[2]/D (^) checked with  leading edge of 'i_clk'
Beginpoint: address_sel_r_reg[2]/Q (^) triggered by  leading edge of 'i_clk'
Path Groups: {reg2reg}
Analysis View: best
Other End Arrival Time          0.150
+ Hold                         -0.038
+ Phase Shift                   0.000
+ Uncertainty                   0.400
= Required Time                 0.512
  Arrival Time                  0.531
  Slack Time                    0.019
     Clock Rise Edge                 0.000
     + Clock Network Latency (Prop)  0.073
     = Beginpoint Arrival Time       0.073
     +------------------------------------------------------------------------------+ 
     |       Instance       |     Arc     |    Cell    | Delay | Arrival | Required | 
     |                      |             |            |       |  Time   |   Time   | 
     |----------------------+-------------+------------+-------+---------+----------| 
     | address_sel_r_reg[2] | CK ^        |            |       |   0.073 |    0.055 | 
     | address_sel_r_reg[2] | CK ^ -> Q ^ | DFFHQX1LVT | 0.157 |   0.230 |    0.211 | 
     | g68953__75659        | A0 ^ -> Y v | AOI21XL    | 0.121 |   0.351 |    0.332 | 
     | g67861__5795         | B0 v -> Y ^ | OAI21X1LVT | 0.036 |   0.387 |    0.369 | 
     | g67785__1857         | B ^ -> Y v  | NOR2X1LVT  | 0.027 |   0.414 |    0.396 | 
     | g67664__4296         | B v -> Y ^  | NAND2X1LVT | 0.028 |   0.442 |    0.423 | 
     | FE_ESOC3167_n_1887   | A ^ -> Y ^  | BUFX2      | 0.089 |   0.531 |    0.512 | 
     | address_sel_r_reg[2] | D ^         | DFFHQX1LVT | 0.000 |   0.531 |    0.512 | 
     +------------------------------------------------------------------------------+ 
Path 37: MET Hold Check with Pin o_interrupt_vector_sel_reg[1]/CK 
Endpoint:   o_interrupt_vector_sel_reg[1]/D0 (v) checked with  leading edge of 
'i_clk'
Beginpoint: o_interrupt_vector_sel_reg[1]/Q  (v) triggered by  leading edge of 
'i_clk'
Path Groups: {reg2reg}
Analysis View: best
Other End Arrival Time          0.150
+ Hold                         -0.013
+ Phase Shift                   0.000
+ Uncertainty                   0.400
= Required Time                 0.537
  Arrival Time                  0.556
  Slack Time                    0.019
     Clock Rise Edge                 0.000
     + Clock Network Latency (Prop)  0.073
     = Beginpoint Arrival Time       0.073
     +---------------------------------------------------------------------------------------------------------+ 
     |                    Instance                    |     Arc     |    Cell     | Delay | Arrival | Required | 
     |                                                |             |             |       |  Time   |   Time   | 
     |------------------------------------------------+-------------+-------------+-------+---------+----------| 
     | o_interrupt_vector_sel_reg[1]                  | CK ^        |             |       |   0.073 |    0.055 | 
     | o_interrupt_vector_sel_reg[1]                  | CK ^ -> Q v | MDFFHQX1LVT | 0.160 |   0.233 |    0.215 | 
     | FE_PHC2735_FE_OFN1484_o_interrupt_vector_sel_1 | A v -> Y v  | DLY2X1      | 0.323 |   0.556 |    0.537 | 
     | o_interrupt_vector_sel_reg[1]                  | D0 v        | MDFFHQX1LVT | 0.000 |   0.556 |    0.537 | 
     +---------------------------------------------------------------------------------------------------------+ 
Path 38: MET Hold Check with Pin o_imm32_reg[3]/CK 
Endpoint:   o_imm32_reg[3]/D (^) checked with  leading edge of 'i_clk'
Beginpoint: o_imm32_reg[3]/Q (^) triggered by  leading edge of 'i_clk'
Path Groups: {reg2reg}
Analysis View: best
Other End Arrival Time          0.151
+ Hold                         -0.039
+ Phase Shift                   0.000
+ Uncertainty                   0.400
= Required Time                 0.512
  Arrival Time                  0.531
  Slack Time                    0.019
     Clock Rise Edge                 0.000
     + Clock Network Latency (Prop)  0.074
     = Beginpoint Arrival Time       0.074
     +-------------------------------------------------------------------------------------------+ 
     |            Instance             |     Arc     |     Cell     | Delay | Arrival | Required | 
     |                                 |             |              |       |  Time   |   Time   | 
     |---------------------------------+-------------+--------------+-------+---------+----------| 
     | o_imm32_reg[3]                  | CK ^        |              |       |   0.074 |    0.055 | 
     | o_imm32_reg[3]                  | CK ^ -> Q ^ | DFFHQX1LVT   | 0.144 |   0.218 |    0.199 | 
     | FE_PHC2758_FE_OFN1059_o_imm32_3 | A ^ -> Y ^  | DLY1X1       | 0.169 |   0.387 |    0.368 | 
     | g67626__2703                    | A0 ^ -> Y v | AOI21X1LVT   | 0.062 |   0.450 |    0.431 | 
     | g67561__8757                    | B0 v -> Y ^ | OAI2BB1X1LVT | 0.027 |   0.476 |    0.457 | 
     | g67486__2250                    | B0 ^ -> Y v | AOI21X1LVT   | 0.024 |   0.500 |    0.481 | 
     | g67203__9682                    | B0 v -> Y ^ | OAI2BB1X1LVT | 0.031 |   0.531 |    0.512 | 
     | o_imm32_reg[3]                  | D ^         | DFFHQX1LVT   | 0.000 |   0.531 |    0.512 | 
     +-------------------------------------------------------------------------------------------+ 
Path 39: MET Hold Check with Pin pre_fetch_instruction_address_reg[21]/CK 
Endpoint:   pre_fetch_instruction_address_reg[21]/D (v) checked with  leading 
edge of 'i_clk'
Beginpoint: pre_fetch_instruction_address_reg[21]/Q (v) triggered by  leading 
edge of 'i_clk'
Path Groups: {reg2reg}
Analysis View: best
Other End Arrival Time          0.150
+ Hold                         -0.043
+ Phase Shift                   0.000
+ Uncertainty                   0.400
= Required Time                 0.507
  Arrival Time                  0.526
  Slack Time                    0.019
     Clock Rise Edge                 0.000
     + Clock Network Latency (Prop)  0.073
     = Beginpoint Arrival Time       0.073
     +------------------------------------------------------------------------------------------------------+ 
     |                   Instance                   |     Arc     |    Cell    | Delay | Arrival | Required | 
     |                                              |             |            |       |  Time   |   Time   | 
     |----------------------------------------------+-------------+------------+-------+---------+----------| 
     | pre_fetch_instruction_address_reg[21]        | CK ^        |            |       |   0.073 |    0.054 | 
     | pre_fetch_instruction_address_reg[21]        | CK ^ -> Q v | SDFFQX1LVT | 0.160 |   0.233 |    0.214 | 
     | FE_ESOC3246_pre_fetch_instruction_address_21 | A v -> Y v  | BUFX2      | 0.087 |   0.320 |    0.301 | 
     | FE_ESOC3139_pre_fetch_instruction_address_21 | A v -> Y v  | DLY1X1     | 0.206 |   0.526 |    0.507 | 
     | pre_fetch_instruction_address_reg[21]        | D v         | SDFFQX1LVT | 0.000 |   0.526 |    0.507 | 
     +------------------------------------------------------------------------------------------------------+ 
Path 40: MET Hold Check with Pin pre_fetch_instruction_reg[1]/CK 
Endpoint:   pre_fetch_instruction_reg[1]/D (v) checked with  leading edge of 'i_
clk'
Beginpoint: pre_fetch_instruction_reg[1]/Q (v) triggered by  leading edge of 'i_
clk'
Path Groups: {reg2reg}
Analysis View: best
Other End Arrival Time          0.151
+ Hold                         -0.024
+ Phase Shift                   0.000
+ Uncertainty                   0.400
= Required Time                 0.527
  Arrival Time                  0.546
  Slack Time                    0.020
     Clock Rise Edge                 0.000
     + Clock Network Latency (Prop)  0.074
     = Beginpoint Arrival Time       0.074
     +--------------------------------------------------------------------------------------------+ 
     |              Instance              |     Arc     |    Cell    | Delay | Arrival | Required | 
     |                                    |             |            |       |  Time   |   Time   | 
     |------------------------------------+-------------+------------+-------+---------+----------| 
     | pre_fetch_instruction_reg[1]       | CK ^        |            |       |   0.074 |    0.054 | 
     | pre_fetch_instruction_reg[1]       | CK ^ -> Q v | SDFFQX1LVT | 0.152 |   0.226 |    0.207 | 
     | FE_PHC2730_pre_fetch_instruction_1 | A v -> Y v  | DLY2X1     | 0.320 |   0.546 |    0.527 | 
     | pre_fetch_instruction_reg[1]       | D v         | SDFFQX1LVT | 0.000 |   0.546 |    0.527 | 
     +--------------------------------------------------------------------------------------------+ 
Path 41: MET Hold Check with Pin o_write_data_wen_reg/CK 
Endpoint:   o_write_data_wen_reg/D0 (v) checked with  leading edge of 'i_clk'
Beginpoint: o_write_data_wen_reg/Q  (v) triggered by  leading edge of 'i_clk'
Path Groups: {reg2reg}
Analysis View: best
Other End Arrival Time          0.152
+ Hold                         -0.011
+ Phase Shift                   0.000
+ Uncertainty                   0.400
= Required Time                 0.541
  Arrival Time                  0.561
  Slack Time                    0.020
     Clock Rise Edge                 0.000
     + Clock Network Latency (Prop)  0.075
     = Beginpoint Arrival Time       0.075
     +---------------------------------------------------------------------------------------+ 
     |          Instance           |     Arc     |     Cell     | Delay | Arrival | Required | 
     |                             |             |              |       |  Time   |   Time   | 
     |-----------------------------+-------------+--------------+-------+---------+----------| 
     | o_write_data_wen_reg        | CK ^        |              |       |   0.075 |    0.056 | 
     | o_write_data_wen_reg        | CK ^ -> Q v | MDFFHQX1LVT  | 0.159 |   0.234 |    0.214 | 
     | FE_OFC1252_o_write_data_wen | A v -> Y ^  | INVX2LVT     | 0.028 |   0.262 |    0.242 | 
     | FE_OFC1253_o_write_data_wen | A ^ -> Y v  | CLKINVX20LVT | 0.021 |   0.282 |    0.262 | 
     | FE_PHC2781_o_write_data_wen | A v -> Y v  | DLY1X4       | 0.202 |   0.484 |    0.464 | 
     | FE_PHC2705_o_write_data_wen | A v -> Y v  | CLKBUFX2     | 0.077 |   0.561 |    0.541 | 
     | o_write_data_wen_reg        | D0 v        | MDFFHQX1LVT  | 0.000 |   0.561 |    0.541 | 
     +---------------------------------------------------------------------------------------+ 
Path 42: MET Hold Check with Pin saved_current_instruction_address_reg[16]/CK 
Endpoint:   saved_current_instruction_address_reg[16]/SI (v) checked with  
leading edge of 'i_clk'
Beginpoint: saved_current_instruction_address_reg[16]/Q  (v) triggered by  
leading edge of 'i_clk'
Path Groups: {reg2reg}
Analysis View: best
Other End Arrival Time          0.152
+ Hold                         -0.025
+ Phase Shift                   0.000
+ Uncertainty                   0.400
= Required Time                 0.527
  Arrival Time                  0.546
  Slack Time                    0.020
     Clock Rise Edge                 0.000
     + Clock Network Latency (Prop)  0.075
     = Beginpoint Arrival Time       0.075
     +----------------------------------------------------------------------------------------------------------+ 
     |                     Instance                     |     Arc     |    Cell    | Delay | Arrival | Required | 
     |                                                  |             |            |       |  Time   |   Time   | 
     |--------------------------------------------------+-------------+------------+-------+---------+----------| 
     | saved_current_instruction_address_reg[16]        | CK ^        |            |       |   0.075 |    0.056 | 
     | saved_current_instruction_address_reg[16]        | CK ^ -> Q v | SDFFQX1LVT | 0.169 |   0.244 |    0.224 | 
     | FE_ESOC3238_saved_current_instruction_address_16 | A v -> Y v  | BUFX2      | 0.088 |   0.332 |    0.312 | 
     | FE_ESOC3129_saved_current_instruction_address_16 | A v -> Y v  | DLY1X4     | 0.214 |   0.546 |    0.527 | 
     | saved_current_instruction_address_reg[16]        | SI v        | SDFFQX1LVT | 0.000 |   0.546 |    0.527 | 
     +----------------------------------------------------------------------------------------------------------+ 
Path 43: MET Hold Check with Pin o_rds_sel_reg[3]/CK 
Endpoint:   o_rds_sel_reg[3]/D0 (v) checked with  leading edge of 'i_clk'
Beginpoint: o_rds_sel_reg[3]/Q  (v) triggered by  leading edge of 'i_clk'
Path Groups: {reg2reg}
Analysis View: best
Other End Arrival Time          0.151
+ Hold                         -0.016
+ Phase Shift                   0.000
+ Uncertainty                   0.400
= Required Time                 0.535
  Arrival Time                  0.555
  Slack Time                    0.020
     Clock Rise Edge                 0.000
     + Clock Network Latency (Prop)  0.074
     = Beginpoint Arrival Time       0.074
     +----------------------------------------------------------------------------------+ 
     |        Instance        |     Arc     |     Cell     | Delay | Arrival | Required | 
     |                        |             |              |       |  Time   |   Time   | 
     |------------------------+-------------+--------------+-------+---------+----------| 
     | o_rds_sel_reg[3]       | CK ^        |              |       |   0.074 |    0.054 | 
     | o_rds_sel_reg[3]       | CK ^ -> Q v | MDFFHQX1LVT  | 0.153 |   0.227 |    0.207 | 
     | FE_OFC1277_o_rds_sel_3 | A v -> Y ^  | INVX2LVT     | 0.026 |   0.253 |    0.233 | 
     | FE_OFC1278_o_rds_sel_3 | A ^ -> Y v  | CLKINVX20LVT | 0.021 |   0.274 |    0.254 | 
     | FE_PHC2778_o_rds_sel_3 | A v -> Y v  | DLY1X4       | 0.202 |   0.476 |    0.457 | 
     | FE_PHC2702_o_rds_sel_3 | A v -> Y v  | CLKBUFX2     | 0.079 |   0.555 |    0.535 | 
     | o_rds_sel_reg[3]       | D0 v        | MDFFHQX1LVT  | 0.000 |   0.555 |    0.535 | 
     +----------------------------------------------------------------------------------+ 
Path 44: MET Hold Check with Pin saved_current_instruction_reg[11]/CK 
Endpoint:   saved_current_instruction_reg[11]/D (v) checked with  leading edge 
of 'i_clk'
Beginpoint: saved_current_instruction_reg[11]/Q (v) triggered by  leading edge 
of 'i_clk'
Path Groups: {reg2reg}
Analysis View: best
Other End Arrival Time          0.158
+ Hold                          0.031
+ Phase Shift                   0.000
+ Uncertainty                   0.400
= Required Time                 0.589
  Arrival Time                  0.609
  Slack Time                    0.020
     Clock Rise Edge                 0.000
     + Clock Network Latency (Prop)  0.081
     = Beginpoint Arrival Time       0.081
     +-----------------------------------------------------------------------------------------------------+ 
     |                 Instance                 |     Arc      |     Cell     | Delay | Arrival | Required | 
     |                                          |              |              |       |  Time   |   Time   | 
     |------------------------------------------+--------------+--------------+-------+---------+----------| 
     | saved_current_instruction_reg[11]        | CK ^         |              |       |   0.081 |    0.061 | 
     | saved_current_instruction_reg[11]        | CK ^ -> Q v  | DFFHQX1LVT   | 0.174 |   0.255 |    0.235 | 
     | FE_ESOC3175_saved_current_instruction_11 | A v -> Y v   | BUFX2        | 0.103 |   0.359 |    0.339 | 
     | g67262__99866                            | A0N v -> Y v | OAI2BB1X1LVT | 0.079 |   0.438 |    0.418 | 
     | FE_ESOC3080_n_33923                      | A v -> Y v   | BUFX2        | 0.091 |   0.529 |    0.509 | 
     | FE_ESOC2973_n_33923                      | A v -> Y v   | BUFX2        | 0.080 |   0.609 |    0.589 | 
     | saved_current_instruction_reg[11]        | D v          | DFFHQX1LVT   | 0.000 |   0.609 |    0.589 | 
     +-----------------------------------------------------------------------------------------------------+ 
Path 45: MET Hold Check with Pin dabt_reg_d1_reg/CK 
Endpoint:   dabt_reg_d1_reg/SI (v) checked with  leading edge of 'i_clk'
Beginpoint: dabt_reg_d1_reg/Q  (v) triggered by  leading edge of 'i_clk'
Path Groups: {reg2reg}
Analysis View: best
Other End Arrival Time          0.150
+ Hold                         -0.044
+ Phase Shift                   0.000
+ Uncertainty                   0.400
= Required Time                 0.506
  Arrival Time                  0.526
  Slack Time                    0.020
     Clock Rise Edge                 0.000
     + Clock Network Latency (Prop)  0.073
     = Beginpoint Arrival Time       0.073
     +------------------------------------------------------------------------------+ 
     |        Instance         |     Arc     |  Cell   | Delay | Arrival | Required | 
     |                         |             |         |       |  Time   |   Time   | 
     |-------------------------+-------------+---------+-------+---------+----------| 
     | dabt_reg_d1_reg         | CK ^        |         |       |   0.073 |    0.053 | 
     | dabt_reg_d1_reg         | CK ^ -> Q v | SDFFQX1 | 0.253 |   0.326 |    0.306 | 
     | FE_ESOC3046_dabt_reg_d1 | A v -> Y v  | DLY1X1  | 0.200 |   0.526 |    0.506 | 
     | dabt_reg_d1_reg         | SI v        | SDFFQX1 | 0.000 |   0.526 |    0.506 | 
     +------------------------------------------------------------------------------+ 
Path 46: MET Hold Check with Pin saved_current_instruction_reg[10]/CK 
Endpoint:   saved_current_instruction_reg[10]/D (v) checked with  leading edge 
of 'i_clk'
Beginpoint: saved_current_instruction_reg[10]/Q (v) triggered by  leading edge 
of 'i_clk'
Path Groups: {reg2reg}
Analysis View: best
Other End Arrival Time          0.158
+ Hold                          0.027
+ Phase Shift                   0.000
+ Uncertainty                   0.400
= Required Time                 0.585
  Arrival Time                  0.606
  Slack Time                    0.020
     Clock Rise Edge                 0.000
     + Clock Network Latency (Prop)  0.082
     = Beginpoint Arrival Time       0.082
     +--------------------------------------------------------------------------------------------------+ 
     |                 Instance                 |     Arc     |    Cell    | Delay | Arrival | Required | 
     |                                          |             |            |       |  Time   |   Time   | 
     |------------------------------------------+-------------+------------+-------+---------+----------| 
     | saved_current_instruction_reg[10]        | CK ^        |            |       |   0.081 |    0.061 | 
     | saved_current_instruction_reg[10]        | CK ^ -> Q v | DFFHQX1LVT | 0.166 |   0.248 |    0.227 | 
     | FE_ESOC3020_saved_current_instruction_10 | A v -> Y v  | DLY1X1     | 0.229 |   0.476 |    0.456 | 
     | g116556                                  | A v -> Y ^  | NAND2X1LVT | 0.078 |   0.554 |    0.534 | 
     | g105582                                  | B0 ^ -> Y v | OAI21X1LVT | 0.052 |   0.606 |    0.585 | 
     | saved_current_instruction_reg[10]        | D v         | DFFHQX1LVT | 0.000 |   0.606 |    0.585 | 
     +--------------------------------------------------------------------------------------------------+ 
Path 47: MET Hold Check with Pin pre_fetch_instruction_reg[17]/CK 
Endpoint:   pre_fetch_instruction_reg[17]/D (v) checked with  leading edge of 
'i_clk'
Beginpoint: pre_fetch_instruction_reg[17]/Q (v) triggered by  leading edge of 
'i_clk'
Path Groups: {reg2reg}
Analysis View: best
Other End Arrival Time          0.157
+ Hold                         -0.024
+ Phase Shift                   0.000
+ Uncertainty                   0.400
= Required Time                 0.532
  Arrival Time                  0.553
  Slack Time                    0.021
     Clock Rise Edge                 0.000
     + Clock Network Latency (Prop)  0.080
     = Beginpoint Arrival Time       0.080
     +----------------------------------------------------------------------------------------------+ 
     |               Instance               |     Arc     |    Cell    | Delay | Arrival | Required | 
     |                                      |             |            |       |  Time   |   Time   | 
     |--------------------------------------+-------------+------------+-------+---------+----------| 
     | pre_fetch_instruction_reg[17]        | CK ^        |            |       |   0.080 |    0.059 | 
     | pre_fetch_instruction_reg[17]        | CK ^ -> Q v | SDFFQX1LVT | 0.151 |   0.231 |    0.210 | 
     | FE_ESOC2900_pre_fetch_instruction_17 | A v -> Y v  | DLY2X1     | 0.322 |   0.553 |    0.532 | 
     | pre_fetch_instruction_reg[17]        | D v         | SDFFQX1LVT | 0.000 |   0.553 |    0.532 | 
     +----------------------------------------------------------------------------------------------+ 
Path 48: MET Hold Check with Pin abt_address_reg_reg[11]/CK 
Endpoint:   abt_address_reg_reg[11]/SI (v) checked with  leading edge of 'i_clk'
Beginpoint: abt_address_reg_reg[11]/Q  (v) triggered by  leading edge of 'i_clk'
Path Groups: {reg2reg}
Analysis View: best
Other End Arrival Time          0.158
+ Hold                         -0.045
+ Phase Shift                   0.000
+ Uncertainty                   0.400
= Required Time                 0.514
  Arrival Time                  0.535
  Slack Time                    0.021
     Clock Rise Edge                 0.000
     + Clock Network Latency (Prop)  0.082
     = Beginpoint Arrival Time       0.082
     +-----------------------------------------------------------------------------------------------+ 
     |                 Instance                 |     Arc     |  Cell   | Delay | Arrival | Required | 
     |                                          |             |         |       |  Time   |   Time   | 
     |------------------------------------------+-------------+---------+-------+---------+----------| 
     | abt_address_reg_reg[11]                  | CK ^        |         |       |   0.082 |    0.061 | 
     | abt_address_reg_reg[11]                  | CK ^ -> Q v | SDFFQX1 | 0.255 |   0.337 |    0.316 | 
     | FE_ESOC3178_FE_OFN1168_o_dabt_address_11 | A v -> Y v  | BUFX2   | 0.102 |   0.439 |    0.418 | 
     | FE_ESOC3106_FE_OFN1168_o_dabt_address_11 | A v -> Y v  | BUFX2   | 0.096 |   0.535 |    0.514 | 
     | abt_address_reg_reg[11]                  | SI v        | SDFFQX1 | 0.000 |   0.535 |    0.514 | 
     +-----------------------------------------------------------------------------------------------+ 
Path 49: MET Hold Check with Pin pre_fetch_instruction_reg[2]/CK 
Endpoint:   pre_fetch_instruction_reg[2]/SI (v) checked with  leading edge of 
'i_clk'
Beginpoint: o_read_data_reg[2]/Q            (v) triggered by  leading edge of 
'i_clk'
Path Groups: {reg2reg}
Analysis View: best
Other End Arrival Time          0.158
+ Hold                         -0.039
+ Phase Shift                   0.000
+ Uncertainty                   0.400
= Required Time                 0.519
  Arrival Time                  0.540
  Slack Time                    0.021
     Clock Rise Edge                 0.000
     + Clock Network Latency (Prop)  0.082
     = Beginpoint Arrival Time       0.082
     +----------------------------------------------------------------------------------------------+ 
     |              Instance               |     Arc     |    Cell     | Delay | Arrival | Required | 
     |                                     |             |             |       |  Time   |   Time   | 
     |-------------------------------------+-------------+-------------+-------+---------+----------| 
     | o_read_data_reg[2]                  | CK ^        |             |       |   0.082 |    0.061 | 
     | o_read_data_reg[2]                  | CK ^ -> Q v | MDFFHQX1LVT | 0.195 |   0.277 |    0.256 | 
     | FE_ESOC3015_FE_OFN970_o_read_data_2 | A v -> Y v  | DLY1X4      | 0.263 |   0.540 |    0.519 | 
     | pre_fetch_instruction_reg[2]        | SI v        | SDFFQX1LVT  | 0.001 |   0.540 |    0.519 | 
     +----------------------------------------------------------------------------------------------+ 
Path 50: MET Hold Check with Pin o_copro_operation_reg[1]/CK 
Endpoint:   o_copro_operation_reg[1]/D (v) checked with  leading edge of 'i_clk'
Beginpoint: o_copro_operation_reg[1]/Q (v) triggered by  leading edge of 'i_clk'
Path Groups: {reg2reg}
Analysis View: best
Other End Arrival Time          0.152
+ Hold                          0.031
+ Phase Shift                   0.000
+ Uncertainty                   0.400
= Required Time                 0.583
  Arrival Time                  0.604
  Slack Time                    0.021
     Clock Rise Edge                 0.000
     + Clock Network Latency (Prop)  0.075
     = Beginpoint Arrival Time       0.075
     +----------------------------------------------------------------------------------------------------+ 
     |                  Instance                  |     Arc     |    Cell    | Delay | Arrival | Required | 
     |                                            |             |            |       |  Time   |   Time   | 
     |--------------------------------------------+-------------+------------+-------+---------+----------| 
     | o_copro_operation_reg[1]                   | CK ^        |            |       |   0.075 |    0.054 | 
     | o_copro_operation_reg[1]                   | CK ^ -> Q v | DFFHQX1LVT | 0.164 |   0.239 |    0.218 | 
     | FE_ESOC2998_FE_OFN1497_o_copro_operation_1 | A v -> Y v  | DLY1X4     | 0.210 |   0.449 |    0.428 | 
     | g101721                                    | A0 v -> Y v | AO21X1LVT  | 0.085 |   0.534 |    0.513 | 
     | FE_ESOC3184_n_35704                        | A v -> Y v  | BUFX2      | 0.071 |   0.604 |    0.583 | 
     | o_copro_operation_reg[1]                   | D v         | DFFHQX1LVT | 0.000 |   0.604 |    0.583 | 
     +----------------------------------------------------------------------------------------------------+ 

