###############################################################
#  Generated by:      Cadence Tempus 17.21-s086_1
#  OS:                Linux x86_64(Host ID compute-srv2.eda.atme.in)
#  Generated on:      Sun Feb 10 04:07:33 2019
#  Design:            a23_decode
#  Command:           report_timing -from [all_registers] -to [all_registers] -early -max_paths 50 > hold123.rpt
###############################################################
Path 1: MET Hold Check with Pin o_imm32_reg[4]/CK 
Endpoint:   o_imm32_reg[4]/D (^) checked with  leading edge of 'i_clk'
Beginpoint: o_imm32_reg[4]/Q (^) triggered by  leading edge of 'i_clk'
Path Groups: {i_clk}
Analysis View: best
Other End Arrival Time          0.353
+ Hold                         -0.038
+ Phase Shift                   0.000
+ Uncertainty                   0.400
= Required Time                 0.714
  Arrival Time                  0.717
  Slack Time                    0.003
     Clock Rise Edge                 0.000
     + Clock Network Latency (Prop)  0.274
     = Beginpoint Arrival Time       0.274
      ---------------------------------------------------------------------
      Instance            Arc          Cell        Delay  Arrival  Required  
                                                          Time     Time  
      ---------------------------------------------------------------------
      o_imm32_reg[4]      CK ^         -           -      0.274    0.271  
      o_imm32_reg[4]      CK ^ -> Q ^  DFFHQX1LVT  0.153  0.427    0.424  
      g67930__75834       A0 ^ -> Y v  AOI21X1LVT  0.067  0.494    0.491  
      g67636__9682        B0 v -> Y v  OA21X1LVT   0.067  0.561    0.558  
      FE_ESOC3161_n_1840  A v -> Y v   BUFX3       0.080  0.641    0.638  
      g67448__5266        B v -> Y v   AND2X1LVT   0.051  0.693    0.690  
      g67160__1474        B0 v -> Y ^  OAI21X1LVT  0.025  0.717    0.714  
      o_imm32_reg[4]      D ^          DFFHQX1LVT  0.000  0.717    0.714  
      ---------------------------------------------------------------------
Path 2: MET Hold Check with Pin saved_current_instruction_address_reg[14]/CK 
Endpoint:   saved_current_instruction_address_reg[14]/D (v) checked with  leading edge of 'i_clk'
Beginpoint: pre_fetch_instruction_address_reg[14]/Q     (v) triggered by  leading edge of 'i_clk'
Path Groups: {i_clk}
Analysis View: best
Other End Arrival Time          0.350
+ Hold                         -0.016
+ Phase Shift                   0.000
+ Uncertainty                   0.400
= Required Time                 0.733
  Arrival Time                  0.737
  Slack Time                    0.003
     Clock Rise Edge                 0.000
     + Clock Network Latency (Prop)  0.271
     = Beginpoint Arrival Time       0.271
      ----------------------------------------------------------------------------------------------
      Instance                                   Arc          Cell          Delay  Arrival  Required  
                                                                                   Time     Time  
      ----------------------------------------------------------------------------------------------
      pre_fetch_instruction_address_reg[14]      CK ^         -             -      0.271    0.268  
      pre_fetch_instruction_address_reg[14]      CK ^ -> Q v  SDFFQX1       0.244  0.515    0.511  
      g112279                                    A v -> Y ^   NAND2XL       0.065  0.579    0.576  
      g116663                                    B0 ^ -> Y v  OAI2BB1X1LVT  0.069  0.649    0.645  
      g68905_dup                                 A v -> Y v   OR2X1LVT      0.088  0.737    0.733  
      saved_current_instruction_address_reg[14]  D v          SDFFQX1LVT    0.000  0.737    0.733  
      ----------------------------------------------------------------------------------------------
Path 3: MET Hold Check with Pin o_rn_sel_reg[2]/CK 
Endpoint:   o_rn_sel_reg[2]/D (v) checked with  leading edge of 'i_clk'
Beginpoint: o_rn_sel_reg[2]/Q (v) triggered by  leading edge of 'i_clk'
Path Groups: {i_clk}
Analysis View: best
Other End Arrival Time          0.358
+ Hold                          0.028
+ Phase Shift                   0.000
+ Uncertainty                   0.400
= Required Time                 0.786
  Arrival Time                  0.789
  Slack Time                    0.003
     Clock Rise Edge                 0.000
     + Clock Network Latency (Prop)  0.280
     = Beginpoint Arrival Time       0.280
      ----------------------------------------------------------------------
      Instance             Arc          Cell        Delay  Arrival  Required  
                                                           Time     Time  
      ----------------------------------------------------------------------
      o_rn_sel_reg[2]      CK ^         -           -      0.280    0.277  
      o_rn_sel_reg[2]      CK ^ -> Q v  DFFHQX1LVT  0.173  0.452    0.449  
      g98980               A v -> Y ^   NAND2X1LVT  0.034  0.486    0.483  
      g98979               AN ^ -> Y ^  NOR2BX1LVT  0.062  0.549    0.545  
      g68130__116147       A ^ -> Y v   NAND2X1LVT  0.054  0.603    0.600  
      FE_ESOC3058_n_50763  A v -> Y v   DLY1X1      0.186  0.789    0.786  
      o_rn_sel_reg[2]      D v          DFFHQX1LVT  0.000  0.789    0.786  
      ----------------------------------------------------------------------
Path 4: MET Hold Check with Pin pre_fetch_instruction_address_reg[7]/CK 
Endpoint:   pre_fetch_instruction_address_reg[7]/D (v) checked with  leading edge of 'i_clk'
Beginpoint: pre_fetch_instruction_address_reg[7]/Q (v) triggered by  leading edge of 'i_clk'
Path Groups: {i_clk}
Analysis View: best
Other End Arrival Time          0.350
+ Hold                         -0.022
+ Phase Shift                   0.000
+ Uncertainty                   0.400
= Required Time                 0.728
  Arrival Time                  0.733
  Slack Time                    0.005
     Clock Rise Edge                 0.000
     + Clock Network Latency (Prop)  0.271
     = Beginpoint Arrival Time       0.271
      ----------------------------------------------------------------------------------------------
      Instance                                     Arc          Cell        Delay  Arrival  Required  
                                                                                   Time     Time  
      ----------------------------------------------------------------------------------------------
      pre_fetch_instruction_address_reg[7]         CK ^         -           -      0.271    0.266  
      pre_fetch_instruction_address_reg[7]         CK ^ -> Q v  SDFFQX1LVT  0.166  0.437    0.432  
      FE_ESOC3237_pre_fetch_instruction_address_7  A v -> Y v   BUFX2       0.083  0.520    0.515  
      FE_ESOC3151_pre_fetch_instruction_address_7  A v -> Y v   DLY1X4      0.212  0.733    0.728  
      pre_fetch_instruction_address_reg[7]         D v          SDFFQX1LVT  0.000  0.733    0.728  
      ----------------------------------------------------------------------------------------------
Path 5: MET Hold Check with Pin abt_address_reg_reg[20]/CK 
Endpoint:   abt_address_reg_reg[20]/SI (v) checked with  leading edge of 'i_clk'
Beginpoint: abt_address_reg_reg[20]/Q  (v) triggered by  leading edge of 'i_clk'
Path Groups: {i_clk}
Analysis View: best
Other End Arrival Time          0.360
+ Hold                         -0.052
+ Phase Shift                   0.000
+ Uncertainty                   0.400
= Required Time                 0.708
  Arrival Time                  0.713
  Slack Time                    0.005
     Clock Rise Edge                 0.000
     + Clock Network Latency (Prop)  0.281
     = Beginpoint Arrival Time       0.281
      -----------------------------------------------------------------------------------------
      Instance                                  Arc          Cell      Delay  Arrival  Required  
                                                                              Time     Time  
      -----------------------------------------------------------------------------------------
      abt_address_reg_reg[20]                   CK ^         -         -      0.281    0.276  
      abt_address_reg_reg[20]                   CK ^ -> Q v  SDFFQX1   0.239  0.520    0.515  
      FE_OFC1127_o_dabt_address_20              A v -> Y v   BUFX2LVT  0.079  0.599    0.594  
      FE_ESOC3153_FE_OFN1128_o_dabt_address_20  A v -> Y v   BUFX6     0.112  0.711    0.706  
      abt_address_reg_reg[20]                   SI v         SDFFQX1   0.001  0.713    0.708  
      -----------------------------------------------------------------------------------------
Path 6: MET Hold Check with Pin saved_current_instruction_reg[13]/CK 
Endpoint:   saved_current_instruction_reg[13]/D (v) checked with  leading edge of 'i_clk'
Beginpoint: saved_current_instruction_reg[13]/Q (v) triggered by  leading edge of 'i_clk'
Path Groups: {i_clk}
Analysis View: best
Other End Arrival Time          0.358
+ Hold                          0.028
+ Phase Shift                   0.000
+ Uncertainty                   0.400
= Required Time                 0.786
  Arrival Time                  0.793
  Slack Time                    0.007
     Clock Rise Edge                 0.000
     + Clock Network Latency (Prop)  0.280
     = Beginpoint Arrival Time       0.280
      -------------------------------------------------------------------------------------------
      Instance                                  Arc          Cell        Delay  Arrival  Required  
                                                                                Time     Time  
      -------------------------------------------------------------------------------------------
      saved_current_instruction_reg[13]         CK ^         -           -      0.280    0.273  
      saved_current_instruction_reg[13]         CK ^ -> Q v  DFFHQX1LVT  0.157  0.437    0.430  
      FE_ESOC3177_saved_current_instruction_13  A v -> Y v   BUFX2       0.073  0.509    0.502  
      FE_ESOC2992_saved_current_instruction_13  A v -> Y v   DLY1X1      0.187  0.696    0.689  
      g67445__7675                              A v -> Y ^   NAND2X1LVT  0.044  0.740    0.733  
      g67216__128517                            B0 ^ -> Y v  OAI21X1LVT  0.053  0.793    0.786  
      saved_current_instruction_reg[13]         D v          DFFHQX1LVT  0.000  0.793    0.786  
      -------------------------------------------------------------------------------------------
Path 7: MET Hold Check with Pin pre_fetch_instruction_address_reg[12]/CK 
Endpoint:   pre_fetch_instruction_address_reg[12]/D (v) checked with  leading edge of 'i_clk'
Beginpoint: pre_fetch_instruction_address_reg[12]/Q (v) triggered by  leading edge of 'i_clk'
Path Groups: {i_clk}
Analysis View: best
Other End Arrival Time          0.349
+ Hold                         -0.031
+ Phase Shift                   0.000
+ Uncertainty                   0.400
= Required Time                 0.718
  Arrival Time                  0.725
  Slack Time                    0.007
     Clock Rise Edge                 0.000
     + Clock Network Latency (Prop)  0.271
     = Beginpoint Arrival Time       0.271
      --------------------------------------------------------------------------------------------
      Instance                                      Arc          Cell     Delay  Arrival  Required  
                                                                                 Time     Time  
      --------------------------------------------------------------------------------------------
      pre_fetch_instruction_address_reg[12]         CK ^         -        -      0.271    0.264  
      pre_fetch_instruction_address_reg[12]         CK ^ -> Q v  SDFFQX1  0.238  0.509    0.502  
      FE_ESOC3031_pre_fetch_instruction_address_12  A v -> Y v   DLY1X4   0.217  0.725    0.718  
      pre_fetch_instruction_address_reg[12]         D v          SDFFQX1  0.000  0.725    0.718  
      --------------------------------------------------------------------------------------------
Path 8: MET Hold Check with Pin mtrans_reg_d2_reg[0]/CK 
Endpoint:   mtrans_reg_d2_reg[0]/SI (v) checked with  leading edge of 'i_clk'
Beginpoint: mtrans_reg_d2_reg[0]/Q  (v) triggered by  leading edge of 'i_clk'
Path Groups: {i_clk}
Analysis View: best
Other End Arrival Time          0.355
+ Hold                         -0.036
+ Phase Shift                   0.000
+ Uncertainty                   0.400
= Required Time                 0.719
  Arrival Time                  0.727
  Slack Time                    0.008
     Clock Rise Edge                 0.000
     + Clock Network Latency (Prop)  0.276
     = Beginpoint Arrival Time       0.276
      ---------------------------------------------------------------------------
      Instance                     Arc          Cell     Delay  Arrival  Required  
                                                                Time     Time  
      ---------------------------------------------------------------------------
      mtrans_reg_d2_reg[0]         CK ^         -        -      0.276    0.268  
      mtrans_reg_d2_reg[0]         CK ^ -> Q v  SDFFQX1  0.234  0.510    0.502  
      FE_ESOC3065_mtrans_reg_d2_0  A v -> Y v   DLY1X4   0.217  0.727    0.719  
      mtrans_reg_d2_reg[0]         SI v         SDFFQX1  0.000  0.727    0.719  
      ---------------------------------------------------------------------------
Path 9: MET Hold Check with Pin status_bits_mode_r_reg[1]/CK 
Endpoint:   status_bits_mode_r_reg[1]/D0 (v) checked with  leading edge of 'i_clk'
Beginpoint: status_bits_mode_r_reg[1]/Q  (v) triggered by  leading edge of 'i_clk'
Path Groups: {i_clk}
Analysis View: best
Other End Arrival Time          0.347
+ Hold                         -0.015
+ Phase Shift                   0.000
+ Uncertainty                   0.400
= Required Time                 0.732
  Arrival Time                  0.741
  Slack Time                    0.009
     Clock Rise Edge                 0.000
     + Clock Network Latency (Prop)  0.269
     = Beginpoint Arrival Time       0.269
      -----------------------------------------------------------------------------------------------
      Instance                                     Arc          Cell         Delay  Arrival  Required  
                                                                                    Time     Time  
      -----------------------------------------------------------------------------------------------
      status_bits_mode_r_reg[1]                    CK ^         -            -      0.269    0.260  
      status_bits_mode_r_reg[1]                    CK ^ -> Q v  MDFFHQX1LVT  0.167  0.436    0.427  
      FE_ESOC3019_FE_OFN1371_o_status_bits_mode_1  A v -> Y v   DLY1X4       0.217  0.653    0.644  
      FE_ESOC2956_FE_OFN1371_o_status_bits_mode_1  A v -> Y v   BUFX2        0.088  0.741    0.732  
      status_bits_mode_r_reg[1]                    D0 v         MDFFHQX1LVT  0.000  0.741    0.732  
      -----------------------------------------------------------------------------------------------
Path 10: MET Hold Check with Pin pre_fetch_instruction_address_reg[5]/CK 
Endpoint:   pre_fetch_instruction_address_reg[5]/D (v) checked with  leading edge of 'i_clk'
Beginpoint: pre_fetch_instruction_address_reg[5]/Q (v) triggered by  leading edge of 'i_clk'
Path Groups: {i_clk}
Analysis View: best
Other End Arrival Time          0.349
+ Hold                         -0.037
+ Phase Shift                   0.000
+ Uncertainty                   0.400
= Required Time                 0.712
  Arrival Time                  0.721
  Slack Time                    0.009
     Clock Rise Edge                 0.000
     + Clock Network Latency (Prop)  0.271
     = Beginpoint Arrival Time       0.271
      ----------------------------------------------------------------------------------------------
      Instance                                     Arc          Cell        Delay  Arrival  Required  
                                                                                   Time     Time  
      ----------------------------------------------------------------------------------------------
      pre_fetch_instruction_address_reg[5]         CK ^         -           -      0.271    0.262  
      pre_fetch_instruction_address_reg[5]         CK ^ -> Q v  SDFFQX1LVT  0.161  0.432    0.423  
      FE_ESOC3240_pre_fetch_instruction_address_5  A v -> Y v   BUFX2       0.087  0.519    0.510  
      FE_ESOC3164_pre_fetch_instruction_address_5  A v -> Y v   DLY1X1      0.202  0.721    0.712  
      pre_fetch_instruction_address_reg[5]         D v          SDFFQX1LVT  0.000  0.721    0.712  
      ----------------------------------------------------------------------------------------------
Path 11: MET Hold Check with Pin saved_current_instruction_reg[7]/CK 
Endpoint:   saved_current_instruction_reg[7]/D (v) checked with  leading edge of 'i_clk'
Beginpoint: saved_current_instruction_reg[7]/Q (v) triggered by  leading edge of 'i_clk'
Path Groups: {i_clk}
Analysis View: best
Other End Arrival Time          0.360
+ Hold                          0.030
+ Phase Shift                   0.000
+ Uncertainty                   0.400
= Required Time                 0.790
  Arrival Time                  0.799
  Slack Time                    0.009
     Clock Rise Edge                 0.000
     + Clock Network Latency (Prop)  0.281
     = Beginpoint Arrival Time       0.281
      --------------------------------------------------------------------------------------
      Instance                          Arc           Cell          Delay  Arrival  Required  
                                                                           Time     Time  
      --------------------------------------------------------------------------------------
      saved_current_instruction_reg[7]  CK ^          -             -      0.281    0.272  
      saved_current_instruction_reg[7]  CK ^ -> Q v   DFFHQX1LVT    0.176  0.457    0.448  
      g67279__98312                     A0N v -> Y v  OAI2BB1X1LVT  0.126  0.583    0.574  
      FE_ESOC3142_n_32278               A v -> Y v    BUFX4LVT      0.099  0.682    0.672  
      FE_ESOC2988_n_32278               A v -> Y v    DLY1X1LVT     0.118  0.799    0.790  
      saved_current_instruction_reg[7]  D v           DFFHQX1LVT    0.000  0.799    0.790  
      --------------------------------------------------------------------------------------
Path 12: MET Hold Check with Pin pre_fetch_instruction_iabt_status_reg[7]/CK 
Endpoint:   pre_fetch_instruction_iabt_status_reg[7]/D (v) checked with  leading edge of 'i_clk'
Beginpoint: pre_fetch_instruction_iabt_status_reg[7]/Q (v) triggered by  leading edge of 'i_clk'
Path Groups: {i_clk}
Analysis View: best
Other End Arrival Time          0.348
+ Hold                         -0.038
+ Phase Shift                   0.000
+ Uncertainty                   0.400
= Required Time                 0.710
  Arrival Time                  0.720
  Slack Time                    0.010
     Clock Rise Edge                 0.000
     + Clock Network Latency (Prop)  0.269
     = Beginpoint Arrival Time       0.269
      --------------------------------------------------------------------------------------------------
      Instance                                         Arc          Cell        Delay  Arrival  Required  
                                                                                       Time     Time  
      --------------------------------------------------------------------------------------------------
      pre_fetch_instruction_iabt_status_reg[7]         CK ^         -           -      0.269    0.259  
      pre_fetch_instruction_iabt_status_reg[7]         CK ^ -> Q v  SDFFQX1LVT  0.166  0.435    0.425  
      FE_ESOC3239_pre_fetch_instruction_iabt_status_7  A v -> Y v   BUFX2       0.088  0.523    0.513  
      FE_ESOC3150_pre_fetch_instruction_iabt_status_7  A v -> Y v   DLY1X1      0.197  0.720    0.710  
      pre_fetch_instruction_iabt_status_reg[7]         D v          SDFFQX1LVT  0.000  0.720    0.710  
      --------------------------------------------------------------------------------------------------
Path 13: MET Hold Check with Pin o_read_data_reg[2]/CK 
Endpoint:   o_read_data_reg[2]/D1 (v) checked with  leading edge of 'i_clk'
Beginpoint: o_read_data_reg[2]/Q  (v) triggered by  leading edge of 'i_clk'
Path Groups: {i_clk}
Analysis View: best
Other End Arrival Time          0.360
+ Hold                         -0.028
+ Phase Shift                   0.000
+ Uncertainty                   0.400
= Required Time                 0.732
  Arrival Time                  0.742
  Slack Time                    0.010
     Clock Rise Edge                 0.000
     + Clock Network Latency (Prop)  0.281
     = Beginpoint Arrival Time       0.281
      ---------------------------------------------------------------------------------------
      Instance                             Arc          Cell         Delay  Arrival  Required  
                                                                            Time     Time  
      ---------------------------------------------------------------------------------------
      o_read_data_reg[2]                   CK ^         -            -      0.281    0.271  
      o_read_data_reg[2]                   CK ^ -> Q v  MDFFHQX1LVT  0.197  0.479    0.469  
      FE_ESOC3015_FE_OFN970_o_read_data_2  A v -> Y v   DLY1X4       0.263  0.742    0.731  
      o_read_data_reg[2]                   D1 v         MDFFHQX1LVT  0.001  0.742    0.732  
      ---------------------------------------------------------------------------------------
Path 14: MET Hold Check with Pin saved_current_instruction_reg[26]/CK 
Endpoint:   saved_current_instruction_reg[26]/SI (v) checked with  leading edge of 'i_clk'
Beginpoint: saved_current_instruction_reg[26]/Q  (v) triggered by  leading edge of 'i_clk'
Path Groups: {i_clk}
Analysis View: best
Other End Arrival Time          0.358
+ Hold                         -0.025
+ Phase Shift                   0.000
+ Uncertainty                   0.400
= Required Time                 0.732
  Arrival Time                  0.744
  Slack Time                    0.011
     Clock Rise Edge                 0.000
     + Clock Network Latency (Prop)  0.279
     = Beginpoint Arrival Time       0.279
      -------------------------------------------------------------------------------------------
      Instance                                  Arc          Cell        Delay  Arrival  Required  
                                                                                Time     Time  
      -------------------------------------------------------------------------------------------
      saved_current_instruction_reg[26]         CK ^         -           -      0.279    0.268  
      saved_current_instruction_reg[26]         CK ^ -> Q v  SDFFQX1LVT  0.197  0.476    0.465  
      FE_ESOC3225_saved_current_instruction_26  A v -> Y v   DLY1X1LVT   0.158  0.634    0.623  
      FE_ESOC3186_saved_current_instruction_26  A v -> Y v   BUFX4       0.109  0.744    0.732  
      saved_current_instruction_reg[26]         SI v         SDFFQX1LVT  0.000  0.744    0.732  
      -------------------------------------------------------------------------------------------
Path 15: MET Hold Check with Pin pre_fetch_instruction_address_reg[25]/CK 
Endpoint:   pre_fetch_instruction_address_reg[25]/D (v) checked with  leading edge of 'i_clk'
Beginpoint: pre_fetch_instruction_address_reg[25]/Q (v) triggered by  leading edge of 'i_clk'
Path Groups: {i_clk}
Analysis View: best
Other End Arrival Time          0.349
+ Hold                         -0.024
+ Phase Shift                   0.000
+ Uncertainty                   0.400
= Required Time                 0.725
  Arrival Time                  0.737
  Slack Time                    0.011
     Clock Rise Edge                 0.000
     + Clock Network Latency (Prop)  0.271
     = Beginpoint Arrival Time       0.271
      -----------------------------------------------------------------------------------------------
      Instance                                      Arc          Cell        Delay  Arrival  Required  
                                                                                    Time     Time  
      -----------------------------------------------------------------------------------------------
      pre_fetch_instruction_address_reg[25]         CK ^         -           -      0.271    0.259  
      pre_fetch_instruction_address_reg[25]         CK ^ -> Q v  SDFFQX1LVT  0.166  0.436    0.425  
      FE_ESOC3245_pre_fetch_instruction_address_25  A v -> Y v   BUFX2       0.084  0.520    0.509  
      FE_ESOC3141_pre_fetch_instruction_address_25  A v -> Y v   DLY1X4      0.216  0.737    0.725  
      pre_fetch_instruction_address_reg[25]         D v          SDFFQX1LVT  0.000  0.737    0.725  
      -----------------------------------------------------------------------------------------------
Path 16: MET Hold Check with Pin o_status_bits_sel_reg[0]/CK 
Endpoint:   o_status_bits_sel_reg[0]/D (v) checked with  leading edge of 'i_clk'
Beginpoint: o_status_bits_sel_reg[0]/Q (v) triggered by  leading edge of 'i_clk'
Path Groups: {i_clk}
Analysis View: best
Other End Arrival Time          0.349
+ Hold                          0.027
+ Phase Shift                   0.000
+ Uncertainty                   0.400
= Required Time                 0.776
  Arrival Time                  0.788
  Slack Time                    0.012
     Clock Rise Edge                 0.000
     + Clock Network Latency (Prop)  0.271
     = Beginpoint Arrival Time       0.271
      -----------------------------------------------------------------------------------------------
      Instance                                    Arc          Cell          Delay  Arrival  Required  
                                                                                    Time     Time  
      -----------------------------------------------------------------------------------------------
      o_status_bits_sel_reg[0]                    CK ^         -             -      0.271    0.259  
      o_status_bits_sel_reg[0]                    CK ^ -> Q v  DFFHQX1LVT    0.160  0.431    0.419  
      FE_ESOC3055_FE_OFN1607_o_status_bits_sel_0  A v -> Y v   DLY1X4        0.209  0.640    0.628  
      FE_OFC1607_o_status_bits_sel_0              A v -> Y ^   INVX2LVT      0.030  0.670    0.658  
      FE_OFC1608_o_status_bits_sel_0              A ^ -> Y v   CLKINVX20LVT  0.021  0.691    0.679  
      g67506__75840                               A1 v -> Y ^  AOI21X1LVT    0.044  0.735    0.723  
      g67474__7118                                A ^ -> Y v   NAND2X1LVT    0.053  0.788    0.776  
      o_status_bits_sel_reg[0]                    D v          DFFHQX1LVT    0.000  0.788    0.776  
      -----------------------------------------------------------------------------------------------
Path 17: MET Hold Check with Pin saved_current_instruction_address_reg[21]/CK 
Endpoint:   saved_current_instruction_address_reg[21]/SI (v) checked with  leading edge of 'i_clk'
Beginpoint: saved_current_instruction_address_reg[21]/Q  (v) triggered by  leading edge of 'i_clk'
Path Groups: {i_clk}
Analysis View: best
Other End Arrival Time          0.348
+ Hold                         -0.025
+ Phase Shift                   0.000
+ Uncertainty                   0.400
= Required Time                 0.722
  Arrival Time                  0.734
  Slack Time                    0.012
     Clock Rise Edge                 0.000
     + Clock Network Latency (Prop)  0.269
     = Beginpoint Arrival Time       0.269
      ---------------------------------------------------------------------------------------------------
      Instance                                          Arc          Cell        Delay  Arrival  Required  
                                                                                        Time     Time  
      ---------------------------------------------------------------------------------------------------
      saved_current_instruction_address_reg[21]         CK ^         -           -      0.269    0.257  
      saved_current_instruction_address_reg[21]         CK ^ -> Q v  SDFFQX1LVT  0.166  0.435    0.423  
      FE_ESOC3241_saved_current_instruction_address_21  A v -> Y v   BUFX2       0.085  0.520    0.508  
      FE_ESOC3116_saved_current_instruction_address_21  A v -> Y v   DLY1X4      0.215  0.734    0.722  
      saved_current_instruction_address_reg[21]         SI v         SDFFQX1LVT  0.000  0.734    0.722  
      ---------------------------------------------------------------------------------------------------
Path 18: MET Hold Check with Pin abt_address_reg_reg[14]/CK 
Endpoint:   abt_address_reg_reg[14]/SI (v) checked with  leading edge of 'i_clk'
Beginpoint: abt_address_reg_reg[14]/Q  (v) triggered by  leading edge of 'i_clk'
Path Groups: {i_clk}
Analysis View: best
Other End Arrival Time          0.360
+ Hold                         -0.057
+ Phase Shift                   0.000
+ Uncertainty                   0.400
= Required Time                 0.703
  Arrival Time                  0.715
  Slack Time                    0.013
     Clock Rise Edge                 0.000
     + Clock Network Latency (Prop)  0.281
     = Beginpoint Arrival Time       0.281
      ------------------------------------------------------------------------------------------
      Instance                                  Arc          Cell       Delay  Arrival  Required  
                                                                               Time     Time  
      ------------------------------------------------------------------------------------------
      abt_address_reg_reg[14]                   CK ^         -          -      0.281    0.269  
      abt_address_reg_reg[14]                   CK ^ -> Q v  SDFFQX1    0.267  0.548    0.536  
      FE_ESOC3085_FE_OFN1155_o_dabt_address_14  A v -> Y v   DLY1X1LVT  0.167  0.715    0.703  
      abt_address_reg_reg[14]                   SI v         SDFFQX1    0.000  0.715    0.703  
      ------------------------------------------------------------------------------------------
Path 19: MET Hold Check with Pin o_imm32_reg[13]/CK 
Endpoint:   o_imm32_reg[13]/D (^) checked with  leading edge of 'i_clk'
Beginpoint: o_imm32_reg[13]/Q (^) triggered by  leading edge of 'i_clk'
Path Groups: {i_clk}
Analysis View: best
Other End Arrival Time          0.353
+ Hold                         -0.038
+ Phase Shift                   0.000
+ Uncertainty                   0.400
= Required Time                 0.715
  Arrival Time                  0.728
  Slack Time                    0.013
     Clock Rise Edge                 0.000
     + Clock Network Latency (Prop)  0.274
     = Beginpoint Arrival Time       0.274
      ------------------------------------------------------------------------------------
      Instance                           Arc          Cell        Delay  Arrival  Required  
                                                                         Time     Time  
      ------------------------------------------------------------------------------------
      o_imm32_reg[13]                    CK ^         -           -      0.274    0.261  
      o_imm32_reg[13]                    CK ^ -> Q ^  DFFHQX1LVT  0.139  0.413    0.399  
      FE_ESOC3169_FE_OFN1032_o_imm32_13  A ^ -> Y ^   BUFX2       0.081  0.493    0.480  
      FE_OFC1032_o_imm32_13              A ^ -> Y v   INVX1LVT    0.024  0.517    0.504  
      FE_OFC1033_o_imm32_13              A v -> Y ^   INVX1LVT    0.026  0.543    0.530  
      g116771                            B ^ -> Y ^   AND2X1LVT   0.089  0.632    0.619  
      g118288                            B0 ^ -> Y v  AOI21X1LVT  0.025  0.657    0.644  
      g98966                             A v -> Y ^   NAND2X1LVT  0.025  0.682    0.669  
      g98964                             B ^ -> Y v   NOR2X1LVT   0.021  0.703    0.690  
      g67625__72561                      B0 v -> Y ^  OAI21X1LVT  0.025  0.728    0.715  
      o_imm32_reg[13]                    D ^          DFFHQX1LVT  0.000  0.728    0.715  
      ------------------------------------------------------------------------------------
Path 20: MET Hold Check with Pin pre_fetch_instruction_address_reg[2]/CK 
Endpoint:   pre_fetch_instruction_address_reg[2]/D (v) checked with  leading edge of 'i_clk'
Beginpoint: pre_fetch_instruction_address_reg[2]/Q (v) triggered by  leading edge of 'i_clk'
Path Groups: {i_clk}
Analysis View: best
Other End Arrival Time          0.350
+ Hold                         -0.030
+ Phase Shift                   0.000
+ Uncertainty                   0.400
= Required Time                 0.720
  Arrival Time                  0.733
  Slack Time                    0.014
     Clock Rise Edge                 0.000
     + Clock Network Latency (Prop)  0.271
     = Beginpoint Arrival Time       0.271
      -------------------------------------------------------------------------------------------
      Instance                                     Arc          Cell     Delay  Arrival  Required  
                                                                                Time     Time  
      -------------------------------------------------------------------------------------------
      pre_fetch_instruction_address_reg[2]         CK ^         -        -      0.271    0.257  
      pre_fetch_instruction_address_reg[2]         CK ^ -> Q v  SDFFQX1  0.243  0.514    0.500  
      FE_ESOC3037_pre_fetch_instruction_address_2  A v -> Y v   DLY1X4   0.219  0.733    0.720  
      pre_fetch_instruction_address_reg[2]         D v          SDFFQX1  0.000  0.733    0.720  
      -------------------------------------------------------------------------------------------
Path 21: MET Hold Check with Pin o_reg_bank_wen_reg[12]/CK 
Endpoint:   o_reg_bank_wen_reg[12]/D (v) checked with  leading edge of 'i_clk'
Beginpoint: o_reg_bank_wen_reg[12]/Q (v) triggered by  leading edge of 'i_clk'
Path Groups: {i_clk}
Analysis View: best
Other End Arrival Time          0.355
+ Hold                          0.024
+ Phase Shift                   0.000
+ Uncertainty                   0.400
= Required Time                 0.779
  Arrival Time                  0.794
  Slack Time                    0.015
     Clock Rise Edge                 0.000
     + Clock Network Latency (Prop)  0.277
     = Beginpoint Arrival Time       0.277
      ---------------------------------------------------------------------------------
      Instance                      Arc          Cell          Delay  Arrival  Required  
                                                                      Time     Time  
      ---------------------------------------------------------------------------------
      o_reg_bank_wen_reg[12]        CK ^         -             -      0.277    0.262  
      o_reg_bank_wen_reg[12]        CK ^ -> Q v  DFFHQX1LVT    0.160  0.437    0.422  
      FE_OFC1609_o_reg_bank_wen_12  A v -> Y ^   INVX2LVT      0.030  0.467    0.452  
      FE_OFC1610_o_reg_bank_wen_12  A ^ -> Y v   CLKINVX20LVT  0.022  0.488    0.473  
      g116422                       A v -> Y ^   NAND2XL       0.048  0.536    0.521  
      FE_ESOC3078_n_51076           A ^ -> Y ^   DLY1X1        0.187  0.723    0.708  
      g119581                       B0 ^ -> Y v  OAI31X1LVT    0.072  0.794    0.779  
      o_reg_bank_wen_reg[12]        D v          DFFHQX1LVT    0.000  0.794    0.779  
      ---------------------------------------------------------------------------------
Path 22: MET Hold Check with Pin mtrans_reg_d2_reg[1]/CK 
Endpoint:   mtrans_reg_d2_reg[1]/SI (v) checked with  leading edge of 'i_clk'
Beginpoint: mtrans_reg_d2_reg[1]/Q  (v) triggered by  leading edge of 'i_clk'
Path Groups: {i_clk}
Analysis View: best
Other End Arrival Time          0.354
+ Hold                         -0.042
+ Phase Shift                   0.000
+ Uncertainty                   0.400
= Required Time                 0.712
  Arrival Time                  0.728
  Slack Time                    0.015
     Clock Rise Edge                 0.000
     + Clock Network Latency (Prop)  0.276
     = Beginpoint Arrival Time       0.276
      ---------------------------------------------------------------------------
      Instance                     Arc          Cell     Delay  Arrival  Required  
                                                                Time     Time  
      ---------------------------------------------------------------------------
      mtrans_reg_d2_reg[1]         CK ^         -        -      0.276    0.260  
      mtrans_reg_d2_reg[1]         CK ^ -> Q v  SDFFQX1  0.254  0.529    0.514  
      FE_ESOC3068_mtrans_reg_d2_1  A v -> Y v   DLY1X1   0.198  0.728    0.712  
      mtrans_reg_d2_reg[1]         SI v         SDFFQX1  0.000  0.728    0.712  
      ---------------------------------------------------------------------------
Path 23: MET Hold Check with Pin o_imm32_reg[14]/CK 
Endpoint:   o_imm32_reg[14]/D (^) checked with  leading edge of 'i_clk'
Beginpoint: o_imm32_reg[14]/Q (^) triggered by  leading edge of 'i_clk'
Path Groups: {i_clk}
Analysis View: best
Other End Arrival Time          0.353
+ Hold                         -0.038
+ Phase Shift                   0.000
+ Uncertainty                   0.400
= Required Time                 0.714
  Arrival Time                  0.730
  Slack Time                    0.015
     Clock Rise Edge                 0.000
     + Clock Network Latency (Prop)  0.274
     = Beginpoint Arrival Time       0.274
      -----------------------------------------------------------------------------------
      Instance                          Arc          Cell        Delay  Arrival  Required  
                                                                        Time     Time  
      -----------------------------------------------------------------------------------
      o_imm32_reg[14]                   CK ^         -           -      0.274    0.259  
      o_imm32_reg[14]                   CK ^ -> Q ^  DFFHQX1LVT  0.148  0.422    0.407  
      FE_PHC2777_FE_OFN1029_o_imm32_14  A ^ -> Y ^   DLY1X1      0.166  0.588    0.573  
      g68034__7114                      A0 ^ -> Y v  AOI21X1LVT  0.059  0.647    0.632  
      g67939__97022                     B0 v -> Y v  OA21X1LVT   0.056  0.703    0.688  
      g67480__93426                     B0 v -> Y ^  OAI21X1LVT  0.026  0.730    0.714  
      o_imm32_reg[14]                   D ^          DFFHQX1LVT  0.000  0.730    0.714  
      -----------------------------------------------------------------------------------
Path 24: MET Hold Check with Pin pre_fetch_instruction_address_reg[5]/CK 
Endpoint:   pre_fetch_instruction_address_reg[5]/SI (v) checked with  leading edge of 'i_clk'
Beginpoint: abt_address_reg_reg[5]/Q                (v) triggered by  leading edge of 'i_clk'
Path Groups: {i_clk}
Analysis View: best
Other End Arrival Time          0.349
+ Hold                         -0.043
+ Phase Shift                   0.000
+ Uncertainty                   0.400
= Required Time                 0.707
  Arrival Time                  0.722
  Slack Time                    0.015
     Clock Rise Edge                 0.000
     + Clock Network Latency (Prop)  0.281
     = Beginpoint Arrival Time       0.281
      ------------------------------------------------------------------------------------------
      Instance                                 Arc          Cell        Delay  Arrival  Required  
                                                                               Time     Time  
      ------------------------------------------------------------------------------------------
      abt_address_reg_reg[5]                   CK ^         -           -      0.281    0.266  
      abt_address_reg_reg[5]                   CK ^ -> Q v  SDFFQX1     0.233  0.515    0.499  
      FE_OFC1192_o_dabt_address_5              A v -> Y v   BUFX2LVT    0.081  0.596    0.580  
      FE_ESOC3134_FE_OFN1193_o_dabt_address_5  A v -> Y v   BUFX6       0.125  0.720    0.705  
      pre_fetch_instruction_address_reg[5]     SI v         SDFFQX1LVT  0.002  0.722    0.707  
      ------------------------------------------------------------------------------------------
Path 25: MET Hold Check with Pin saved_current_instruction_reg[1]/CK 
Endpoint:   saved_current_instruction_reg[1]/D (v) checked with  leading edge of 'i_clk'
Beginpoint: pre_fetch_instruction_reg[1]/Q     (v) triggered by  leading edge of 'i_clk'
Path Groups: {i_clk}
Analysis View: best
Other End Arrival Time          0.352
+ Hold                         -0.025
+ Phase Shift                   0.000
+ Uncertainty                   0.400
= Required Time                 0.727
  Arrival Time                  0.743
  Slack Time                    0.015
     Clock Rise Edge                 0.000
     + Clock Network Latency (Prop)  0.273
     = Beginpoint Arrival Time       0.273
      -----------------------------------------------------------------------------------
      Instance                          Arc          Cell        Delay  Arrival  Required  
                                                                        Time     Time  
      -----------------------------------------------------------------------------------
      pre_fetch_instruction_reg[1]      CK ^         -           -      0.273    0.258  
      pre_fetch_instruction_reg[1]      CK ^ -> Q v  SDFFQX1LVT  0.155  0.428    0.413  
      g75795                            B v -> Y v   AND2X1LVT   0.051  0.479    0.463  
      FE_RC_115_0                       A v -> Y ^   INVX1       0.054  0.533    0.518  
      FE_RC_113_0                       A ^ -> Y v   NAND3X8LVT  0.095  0.628    0.613  
      g67994__101031                    A0 v -> Y v  AO21X1LVT   0.114  0.743    0.727  
      saved_current_instruction_reg[1]  D v          SDFFQX1LVT  0.000  0.743    0.727  
      -----------------------------------------------------------------------------------
Path 26: MET Hold Check with Pin o_read_data_reg[23]/CK 
Endpoint:   o_read_data_reg[23]/D1 (v) checked with  leading edge of 'i_clk'
Beginpoint: o_read_data_reg[23]/Q  (v) triggered by  leading edge of 'i_clk'
Path Groups: {i_clk}
Analysis View: best
Other End Arrival Time          0.358
+ Hold                         -0.017
+ Phase Shift                   0.000
+ Uncertainty                   0.400
= Required Time                 0.741
  Arrival Time                  0.757
  Slack Time                    0.016
     Clock Rise Edge                 0.000
     + Clock Network Latency (Prop)  0.280
     = Beginpoint Arrival Time       0.280
      ---------------------------------------------------------------------------------------
      Instance                             Arc          Cell         Delay  Arrival  Required  
                                                                            Time     Time  
      ---------------------------------------------------------------------------------------
      o_read_data_reg[23]                  CK ^         -            -      0.280    0.264  
      o_read_data_reg[23]                  CK ^ -> Q v  MDFFHQX1LVT  0.157  0.436    0.420  
      FE_OFC903_o_read_data_23             A v -> Y v   BUFX2LVT     0.083  0.519    0.503  
      FE_PHC2779_FE_OFN904_o_read_data_23  A v -> Y v   DLY1X4       0.238  0.757    0.741  
      o_read_data_reg[23]                  D1 v         MDFFHQX1LVT  0.000  0.757    0.741  
      ---------------------------------------------------------------------------------------
Path 27: MET Hold Check with Pin o_read_data_reg[24]/CK 
Endpoint:   o_read_data_reg[24]/D1 (v) checked with  leading edge of 'i_clk'
Beginpoint: o_read_data_reg[24]/Q  (v) triggered by  leading edge of 'i_clk'
Path Groups: {i_clk}
Analysis View: best
Other End Arrival Time          0.358
+ Hold                         -0.029
+ Phase Shift                   0.000
+ Uncertainty                   0.400
= Required Time                 0.730
  Arrival Time                  0.746
  Slack Time                    0.016
     Clock Rise Edge                 0.000
     + Clock Network Latency (Prop)  0.280
     = Beginpoint Arrival Time       0.280
      ----------------------------------------------------------------------------------------
      Instance                              Arc          Cell         Delay  Arrival  Required  
                                                                             Time     Time  
      ----------------------------------------------------------------------------------------
      o_read_data_reg[24]                   CK ^         -            -      0.280    0.264  
      o_read_data_reg[24]                   CK ^ -> Q v  MDFFHQX4LVT  0.177  0.456    0.440  
      FE_ESOC3213_FE_OFN901_o_read_data_24  A v -> Y v   BUFX2LVT     0.052  0.508    0.492  
      FE_ESOC2985_FE_OFN901_o_read_data_24  A v -> Y v   DLY1X4       0.237  0.745    0.729  
      o_read_data_reg[24]                   D1 v         MDFFHQX4LVT  0.001  0.746    0.730  
      ----------------------------------------------------------------------------------------
Path 28: MET Hold Check with Pin o_imm32_reg[12]/CK 
Endpoint:   o_imm32_reg[12]/D (^) checked with  leading edge of 'i_clk'
Beginpoint: o_imm32_reg[12]/Q (^) triggered by  leading edge of 'i_clk'
Path Groups: {i_clk}
Analysis View: best
Other End Arrival Time          0.352
+ Hold                         -0.037
+ Phase Shift                   0.000
+ Uncertainty                   0.400
= Required Time                 0.716
  Arrival Time                  0.732
  Slack Time                    0.016
     Clock Rise Edge                 0.000
     + Clock Network Latency (Prop)  0.274
     = Beginpoint Arrival Time       0.274
      ------------------------------------------------------------------------------------
      Instance                           Arc          Cell        Delay  Arrival  Required  
                                                                         Time     Time  
      ------------------------------------------------------------------------------------
      o_imm32_reg[12]                    CK ^         -           -      0.274    0.257  
      o_imm32_reg[12]                    CK ^ -> Q ^  DFFHQX1LVT  0.155  0.429    0.413  
      FE_ESOC3060_FE_OFN1034_o_imm32_12  A ^ -> Y ^   DLY1X1      0.193  0.622    0.606  
      g182                               A0 ^ -> Y v  AOI21X1LVT  0.076  0.699    0.682  
      g181                               B v -> Y ^   NAND3X1LVT  0.033  0.732    0.716  
      o_imm32_reg[12]                    D ^          DFFHQX1LVT  0.000  0.732    0.716  
      ------------------------------------------------------------------------------------
Path 29: MET Hold Check with Pin o_status_bits_flags_wen_reg/CK 
Endpoint:   o_status_bits_flags_wen_reg/D (^) checked with  leading edge of 'i_clk'
Beginpoint: o_status_bits_flags_wen_reg/Q (^) triggered by  leading edge of 'i_clk'
Path Groups: {i_clk}
Analysis View: best
Other End Arrival Time          0.349
+ Hold                         -0.039
+ Phase Shift                   0.000
+ Uncertainty                   0.400
= Required Time                 0.710
  Arrival Time                  0.727
  Slack Time                    0.017
     Clock Rise Edge                 0.000
     + Clock Network Latency (Prop)  0.271
     = Beginpoint Arrival Time       0.271
      ------------------------------------------------------------------------------
      Instance                     Arc          Cell        Delay  Arrival  Required  
                                                                   Time     Time  
      ------------------------------------------------------------------------------
      o_status_bits_flags_wen_reg  CK ^         -           -      0.271    0.254  
      o_status_bits_flags_wen_reg  CK ^ -> Q ^  DFFHQX1LVT  0.173  0.443    0.427  
      g67992__87972                A0 ^ -> Y v  AOI21X1LVT  0.081  0.524    0.507  
      g67509__2391                 A v -> Y ^   NAND2X1LVT  0.032  0.556    0.539  
      FE_ESOC3077_n_2112           A ^ -> Y ^   DLY1X1      0.171  0.727    0.710  
      o_status_bits_flags_wen_reg  D ^          DFFHQX1LVT  0.000  0.727    0.710  
      ------------------------------------------------------------------------------
Path 30: MET Hold Check with Pin o_interrupt_vector_sel_reg[1]/CK 
Endpoint:   o_interrupt_vector_sel_reg[1]/D0 (v) checked with  leading edge of 'i_clk'
Beginpoint: o_interrupt_vector_sel_reg[1]/Q  (v) triggered by  leading edge of 'i_clk'
Path Groups: {i_clk}
Analysis View: best
Other End Arrival Time          0.348
+ Hold                         -0.011
+ Phase Shift                   0.000
+ Uncertainty                   0.400
= Required Time                 0.737
  Arrival Time                  0.754
  Slack Time                    0.017
     Clock Rise Edge                 0.000
     + Clock Network Latency (Prop)  0.269
     = Beginpoint Arrival Time       0.269
      --------------------------------------------------------------------------------------------------
      Instance                                        Arc          Cell         Delay  Arrival  Required  
                                                                                       Time     Time  
      --------------------------------------------------------------------------------------------------
      o_interrupt_vector_sel_reg[1]                   CK ^         -            -      0.269    0.252  
      o_interrupt_vector_sel_reg[1]                   CK ^ -> Q v  MDFFHQX1LVT  0.162  0.431    0.414  
      FE_PHC2735_FE_OFN1484_o_interrupt_vector_sel_1  A v -> Y v   DLY2X1       0.323  0.754    0.737  
      o_interrupt_vector_sel_reg[1]                   D0 v         MDFFHQX1LVT  0.000  0.754    0.737  
      --------------------------------------------------------------------------------------------------
Path 31: MET Hold Check with Pin pre_fetch_instruction_address_reg[21]/CK 
Endpoint:   pre_fetch_instruction_address_reg[21]/D (v) checked with  leading edge of 'i_clk'
Beginpoint: pre_fetch_instruction_address_reg[21]/Q (v) triggered by  leading edge of 'i_clk'
Path Groups: {i_clk}
Analysis View: best
Other End Arrival Time          0.348
+ Hold                         -0.042
+ Phase Shift                   0.000
+ Uncertainty                   0.400
= Required Time                 0.706
  Arrival Time                  0.724
  Slack Time                    0.018
     Clock Rise Edge                 0.000
     + Clock Network Latency (Prop)  0.269
     = Beginpoint Arrival Time       0.269
      -----------------------------------------------------------------------------------------------
      Instance                                      Arc          Cell        Delay  Arrival  Required  
                                                                                    Time     Time  
      -----------------------------------------------------------------------------------------------
      pre_fetch_instruction_address_reg[21]         CK ^         -           -      0.269    0.251  
      pre_fetch_instruction_address_reg[21]         CK ^ -> Q v  SDFFQX1LVT  0.162  0.431    0.413  
      FE_ESOC3246_pre_fetch_instruction_address_21  A v -> Y v   BUFX2       0.087  0.518    0.500  
      FE_ESOC3139_pre_fetch_instruction_address_21  A v -> Y v   DLY1X1      0.206  0.724    0.706  
      pre_fetch_instruction_address_reg[21]         D v          SDFFQX1LVT  0.000  0.724    0.706  
      -----------------------------------------------------------------------------------------------
Path 32: MET Hold Check with Pin address_sel_r_reg[1]/CK 
Endpoint:   address_sel_r_reg[1]/D (^) checked with  leading edge of 'i_clk'
Beginpoint: address_sel_r_reg[1]/Q (^) triggered by  leading edge of 'i_clk'
Path Groups: {i_clk}
Analysis View: best
Other End Arrival Time          0.352
+ Hold                         -0.035
+ Phase Shift                   0.000
+ Uncertainty                   0.400
= Required Time                 0.717
  Arrival Time                  0.735
  Slack Time                    0.018
     Clock Rise Edge                 0.000
     + Clock Network Latency (Prop)  0.273
     = Beginpoint Arrival Time       0.273
      -----------------------------------------------------------------------
      Instance              Arc          Cell        Delay  Arrival  Required  
                                                            Time     Time  
      -----------------------------------------------------------------------
      address_sel_r_reg[1]  CK ^         -           -      0.273    0.255  
      address_sel_r_reg[1]  CK ^ -> Q ^  DFFHQX1LVT  0.176  0.450    0.432  
      g68047__7118          A1 ^ -> Y v  AOI21XL     0.139  0.588    0.571  
      g67926__100730        B0 v -> Y v  OA21X1LVT   0.065  0.653    0.635  
      g67859__98913         B0 v -> Y ^  OAI21X1LVT  0.021  0.674    0.657  
      g67693__98911         B ^ -> Y v   NOR3X1LVT   0.032  0.707    0.689  
      g67467__6083          A v -> Y ^   NAND2X1LVT  0.028  0.735    0.717  
      address_sel_r_reg[1]  D ^          DFFHQX1LVT  0.000  0.735    0.717  
      -----------------------------------------------------------------------
Path 33: MET Hold Check with Pin pre_fetch_instruction_reg[1]/CK 
Endpoint:   pre_fetch_instruction_reg[1]/D (v) checked with  leading edge of 'i_clk'
Beginpoint: pre_fetch_instruction_reg[1]/Q (v) triggered by  leading edge of 'i_clk'
Path Groups: {i_clk}
Analysis View: best
Other End Arrival Time          0.352
+ Hold                         -0.022
+ Phase Shift                   0.000
+ Uncertainty                   0.400
= Required Time                 0.730
  Arrival Time                  0.748
  Slack Time                    0.018
     Clock Rise Edge                 0.000
     + Clock Network Latency (Prop)  0.273
     = Beginpoint Arrival Time       0.273
      -------------------------------------------------------------------------------------
      Instance                            Arc          Cell        Delay  Arrival  Required  
                                                                          Time     Time  
      -------------------------------------------------------------------------------------
      pre_fetch_instruction_reg[1]        CK ^         -           -      0.273    0.255  
      pre_fetch_instruction_reg[1]        CK ^ -> Q v  SDFFQX1LVT  0.155  0.428    0.410  
      FE_PHC2730_pre_fetch_instruction_1  A v -> Y v   DLY2X1      0.320  0.748    0.730  
      pre_fetch_instruction_reg[1]        D v          SDFFQX1LVT  0.000  0.748    0.730  
      -------------------------------------------------------------------------------------
Path 34: MET Hold Check with Pin saved_current_instruction_address_reg[16]/CK 
Endpoint:   saved_current_instruction_address_reg[16]/SI (v) checked with  leading edge of 'i_clk'
Beginpoint: saved_current_instruction_address_reg[16]/Q  (v) triggered by  leading edge of 'i_clk'
Path Groups: {i_clk}
Analysis View: best
Other End Arrival Time          0.349
+ Hold                         -0.024
+ Phase Shift                   0.000
+ Uncertainty                   0.400
= Required Time                 0.726
  Arrival Time                  0.744
  Slack Time                    0.018
     Clock Rise Edge                 0.000
     + Clock Network Latency (Prop)  0.271
     = Beginpoint Arrival Time       0.271
      ---------------------------------------------------------------------------------------------------
      Instance                                          Arc          Cell        Delay  Arrival  Required  
                                                                                        Time     Time  
      ---------------------------------------------------------------------------------------------------
      saved_current_instruction_address_reg[16]         CK ^         -           -      0.271    0.253  
      saved_current_instruction_address_reg[16]         CK ^ -> Q v  SDFFQX1LVT  0.171  0.441    0.423  
      FE_ESOC3238_saved_current_instruction_address_16  A v -> Y v   BUFX2       0.088  0.530    0.511  
      FE_ESOC3129_saved_current_instruction_address_16  A v -> Y v   DLY1X4      0.214  0.744    0.726  
      saved_current_instruction_address_reg[16]         SI v         SDFFQX1LVT  0.000  0.744    0.726  
      ---------------------------------------------------------------------------------------------------
Path 35: MET Hold Check with Pin o_write_data_wen_reg/CK 
Endpoint:   o_write_data_wen_reg/D0 (v) checked with  leading edge of 'i_clk'
Beginpoint: o_write_data_wen_reg/Q  (v) triggered by  leading edge of 'i_clk'
Path Groups: {i_clk}
Analysis View: best
Other End Arrival Time          0.349
+ Hold                         -0.009
+ Phase Shift                   0.000
+ Uncertainty                   0.400
= Required Time                 0.740
  Arrival Time                  0.758
  Slack Time                    0.018
     Clock Rise Edge                 0.000
     + Clock Network Latency (Prop)  0.271
     = Beginpoint Arrival Time       0.271
      --------------------------------------------------------------------------------
      Instance                     Arc          Cell          Delay  Arrival  Required  
                                                                     Time     Time  
      --------------------------------------------------------------------------------
      o_write_data_wen_reg         CK ^         -             -      0.271    0.253  
      o_write_data_wen_reg         CK ^ -> Q v  MDFFHQX1LVT   0.161  0.432    0.413  
      FE_OFC1252_o_write_data_wen  A v -> Y ^   INVX2LVT      0.028  0.459    0.441  
      FE_OFC1253_o_write_data_wen  A ^ -> Y v   CLKINVX20LVT  0.021  0.480    0.461  
      FE_PHC2781_o_write_data_wen  A v -> Y v   DLY1X4        0.202  0.681    0.663  
      FE_PHC2705_o_write_data_wen  A v -> Y v   CLKBUFX2      0.077  0.758    0.740  
      o_write_data_wen_reg         D0 v         MDFFHQX1LVT   0.000  0.758    0.740  
      --------------------------------------------------------------------------------
Path 36: MET Hold Check with Pin address_sel_r_reg[2]/CK 
Endpoint:   address_sel_r_reg[2]/D (^) checked with  leading edge of 'i_clk'
Beginpoint: address_sel_r_reg[2]/Q (^) triggered by  leading edge of 'i_clk'
Path Groups: {i_clk}
Analysis View: best
Other End Arrival Time          0.352
+ Hold                         -0.037
+ Phase Shift                   0.000
+ Uncertainty                   0.400
= Required Time                 0.715
  Arrival Time                  0.733
  Slack Time                    0.018
     Clock Rise Edge                 0.000
     + Clock Network Latency (Prop)  0.273
     = Beginpoint Arrival Time       0.273
      -----------------------------------------------------------------------
      Instance              Arc          Cell        Delay  Arrival  Required  
                                                            Time     Time  
      -----------------------------------------------------------------------
      address_sel_r_reg[2]  CK ^         -           -      0.273    0.255  
      address_sel_r_reg[2]  CK ^ -> Q ^  DFFHQX1LVT  0.159  0.432    0.414  
      g68953__75659         A0 ^ -> Y v  AOI21XL     0.121  0.553    0.535  
      g67861__5795          B0 v -> Y ^  OAI21X1LVT  0.036  0.589    0.571  
      g67785__1857          B ^ -> Y v   NOR2X1LVT   0.027  0.616    0.598  
      g67664__4296          B v -> Y ^   NAND2X1LVT  0.027  0.644    0.626  
      FE_ESOC3167_n_1887    A ^ -> Y ^   BUFX2       0.089  0.733    0.715  
      address_sel_r_reg[2]  D ^          DFFHQX1LVT  0.000  0.733    0.715  
      -----------------------------------------------------------------------
Path 37: MET Hold Check with Pin saved_current_instruction_reg[21]/CK 
Endpoint:   saved_current_instruction_reg[21]/SI (v) checked with  leading edge of 'i_clk'
Beginpoint: saved_current_instruction_reg[21]/Q  (v) triggered by  leading edge of 'i_clk'
Path Groups: {i_clk}
Analysis View: best
Other End Arrival Time          0.358
+ Hold                         -0.031
+ Phase Shift                   0.000
+ Uncertainty                   0.400
= Required Time                 0.727
  Arrival Time                  0.745
  Slack Time                    0.018
     Clock Rise Edge                 0.000
     + Clock Network Latency (Prop)  0.279
     = Beginpoint Arrival Time       0.279
      -------------------------------------------------------------------------------------------
      Instance                                  Arc          Cell        Delay  Arrival  Required  
                                                                                Time     Time  
      -------------------------------------------------------------------------------------------
      saved_current_instruction_reg[21]         CK ^         -           -      0.279    0.261  
      saved_current_instruction_reg[21]         CK ^ -> Q v  SDFFQX1LVT  0.177  0.456    0.438  
      FE_ESOC3195_saved_current_instruction_21  A v -> Y v   BUFX2LVT    0.068  0.524    0.505  
      FE_ESOC2971_saved_current_instruction_21  A v -> Y v   DLY1X4      0.222  0.745    0.727  
      saved_current_instruction_reg[21]         SI v         SDFFQX1LVT  0.000  0.745    0.727  
      -------------------------------------------------------------------------------------------
Path 38: MET Hold Check with Pin o_rds_sel_reg[3]/CK 
Endpoint:   o_rds_sel_reg[3]/D0 (v) checked with  leading edge of 'i_clk'
Beginpoint: o_rds_sel_reg[3]/Q  (v) triggered by  leading edge of 'i_clk'
Path Groups: {i_clk}
Analysis View: best
Other End Arrival Time          0.352
+ Hold                         -0.014
+ Phase Shift                   0.000
+ Uncertainty                   0.400
= Required Time                 0.739
  Arrival Time                  0.757
  Slack Time                    0.018
     Clock Rise Edge                 0.000
     + Clock Network Latency (Prop)  0.274
     = Beginpoint Arrival Time       0.274
      ---------------------------------------------------------------------------
      Instance                Arc          Cell          Delay  Arrival  Required  
                                                                Time     Time  
      ---------------------------------------------------------------------------
      o_rds_sel_reg[3]        CK ^         -             -      0.274    0.255  
      o_rds_sel_reg[3]        CK ^ -> Q v  MDFFHQX1LVT   0.155  0.429    0.411  
      FE_OFC1277_o_rds_sel_3  A v -> Y ^   INVX2LVT      0.026  0.455    0.437  
      FE_OFC1278_o_rds_sel_3  A ^ -> Y v   CLKINVX20LVT  0.021  0.476    0.458  
      FE_PHC2778_o_rds_sel_3  A v -> Y v   DLY1X4        0.202  0.678    0.660  
      FE_PHC2702_o_rds_sel_3  A v -> Y v   CLKBUFX2      0.079  0.757    0.739  
      o_rds_sel_reg[3]        D0 v         MDFFHQX1LVT   0.000  0.757    0.739  
      ---------------------------------------------------------------------------
Path 39: MET Hold Check with Pin saved_current_instruction_reg[11]/CK 
Endpoint:   saved_current_instruction_reg[11]/D (v) checked with  leading edge of 'i_clk'
Beginpoint: saved_current_instruction_reg[11]/Q (v) triggered by  leading edge of 'i_clk'
Path Groups: {i_clk}
Analysis View: best
Other End Arrival Time          0.360
+ Hold                          0.033
+ Phase Shift                   0.000
+ Uncertainty                   0.400
= Required Time                 0.792
  Arrival Time                  0.811
  Slack Time                    0.019
     Clock Rise Edge                 0.000
     + Clock Network Latency (Prop)  0.281
     = Beginpoint Arrival Time       0.281
      ----------------------------------------------------------------------------------------------
      Instance                                  Arc           Cell          Delay  Arrival  Required  
                                                                                   Time     Time  
      ----------------------------------------------------------------------------------------------
      saved_current_instruction_reg[11]         CK ^          -             -      0.281    0.263  
      saved_current_instruction_reg[11]         CK ^ -> Q v   DFFHQX1LVT    0.176  0.457    0.439  
      FE_ESOC3175_saved_current_instruction_11  A v -> Y v    BUFX2         0.103  0.561    0.542  
      g67262__99866                             A0N v -> Y v  OAI2BB1X1LVT  0.079  0.640    0.621  
      FE_ESOC3080_n_33923                       A v -> Y v    BUFX2         0.091  0.731    0.712  
      FE_ESOC2973_n_33923                       A v -> Y v    BUFX2         0.080  0.811    0.792  
      saved_current_instruction_reg[11]         D v           DFFHQX1LVT    0.000  0.811    0.792  
      ----------------------------------------------------------------------------------------------
Path 40: MET Hold Check with Pin o_imm32_reg[3]/CK 
Endpoint:   o_imm32_reg[3]/D (^) checked with  leading edge of 'i_clk'
Beginpoint: o_imm32_reg[3]/Q (^) triggered by  leading edge of 'i_clk'
Path Groups: {i_clk}
Analysis View: best
Other End Arrival Time          0.353
+ Hold                         -0.038
+ Phase Shift                   0.000
+ Uncertainty                   0.400
= Required Time                 0.715
  Arrival Time                  0.733
  Slack Time                    0.019
     Clock Rise Edge                 0.000
     + Clock Network Latency (Prop)  0.274
     = Beginpoint Arrival Time       0.274
      ------------------------------------------------------------------------------------
      Instance                         Arc          Cell          Delay  Arrival  Required  
                                                                         Time     Time  
      ------------------------------------------------------------------------------------
      o_imm32_reg[3]                   CK ^         -             -      0.274    0.255  
      o_imm32_reg[3]                   CK ^ -> Q ^  DFFHQX1LVT    0.146  0.420    0.401  
      FE_PHC2758_FE_OFN1059_o_imm32_3  A ^ -> Y ^   DLY1X1        0.169  0.589    0.571  
      g67626__2703                     A0 ^ -> Y v  AOI21X1LVT    0.062  0.652    0.633  
      g67561__8757                     B0 v -> Y ^  OAI2BB1X1LVT  0.027  0.678    0.660  
      g67486__2250                     B0 ^ -> Y v  AOI21X1LVT    0.024  0.702    0.683  
      g67203__9682                     B0 v -> Y ^  OAI2BB1X1LVT  0.031  0.733    0.715  
      o_imm32_reg[3]                   D ^          DFFHQX1LVT    0.000  0.733    0.715  
      ------------------------------------------------------------------------------------
Path 41: MET Hold Check with Pin dabt_reg_d1_reg/CK 
Endpoint:   dabt_reg_d1_reg/SI (v) checked with  leading edge of 'i_clk'
Beginpoint: dabt_reg_d1_reg/Q  (v) triggered by  leading edge of 'i_clk'
Path Groups: {i_clk}
Analysis View: best
Other End Arrival Time          0.348
+ Hold                         -0.042
+ Phase Shift                   0.000
+ Uncertainty                   0.400
= Required Time                 0.706
  Arrival Time                  0.725
  Slack Time                    0.019
     Clock Rise Edge                 0.000
     + Clock Network Latency (Prop)  0.269
     = Beginpoint Arrival Time       0.269
      -----------------------------------------------------------------------
      Instance                 Arc          Cell     Delay  Arrival  Required  
                                                            Time     Time  
      -----------------------------------------------------------------------
      dabt_reg_d1_reg          CK ^         -        -      0.269    0.250  
      dabt_reg_d1_reg          CK ^ -> Q v  SDFFQX1  0.256  0.525    0.506  
      FE_ESOC3046_dabt_reg_d1  A v -> Y v   DLY1X1   0.200  0.725    0.706  
      dabt_reg_d1_reg          SI v         SDFFQX1  0.000  0.725    0.706  
      -----------------------------------------------------------------------
Path 42: MET Hold Check with Pin saved_current_instruction_reg[10]/CK 
Endpoint:   saved_current_instruction_reg[10]/D (v) checked with  leading edge of 'i_clk'
Beginpoint: saved_current_instruction_reg[10]/Q (v) triggered by  leading edge of 'i_clk'
Path Groups: {i_clk}
Analysis View: best
Other End Arrival Time          0.360
+ Hold                          0.029
+ Phase Shift                   0.000
+ Uncertainty                   0.400
= Required Time                 0.788
  Arrival Time                  0.807
  Slack Time                    0.019
     Clock Rise Edge                 0.000
     + Clock Network Latency (Prop)  0.281
     = Beginpoint Arrival Time       0.281
      -------------------------------------------------------------------------------------------
      Instance                                  Arc          Cell        Delay  Arrival  Required  
                                                                                Time     Time  
      -------------------------------------------------------------------------------------------
      saved_current_instruction_reg[10]         CK ^         -           -      0.281    0.262  
      saved_current_instruction_reg[10]         CK ^ -> Q v  DFFHQX1LVT  0.169  0.450    0.431  
      FE_ESOC3020_saved_current_instruction_10  A v -> Y v   DLY1X1      0.228  0.678    0.659  
      g116556                                   A v -> Y ^   NAND2X1LVT  0.078  0.756    0.737  
      g105582                                   B0 ^ -> Y v  OAI21X1LVT  0.052  0.807    0.788  
      saved_current_instruction_reg[10]         D v          DFFHQX1LVT  0.000  0.807    0.788  
      -------------------------------------------------------------------------------------------
Path 43: MET Hold Check with Pin pre_fetch_instruction_reg[17]/CK 
Endpoint:   pre_fetch_instruction_reg[17]/D (v) checked with  leading edge of 'i_clk'
Beginpoint: pre_fetch_instruction_reg[17]/Q (v) triggered by  leading edge of 'i_clk'
Path Groups: {i_clk}
Analysis View: best
Other End Arrival Time          0.358
+ Hold                         -0.022
+ Phase Shift                   0.000
+ Uncertainty                   0.400
= Required Time                 0.736
  Arrival Time                  0.755
  Slack Time                    0.019
     Clock Rise Edge                 0.000
     + Clock Network Latency (Prop)  0.280
     = Beginpoint Arrival Time       0.280
      ---------------------------------------------------------------------------------------
      Instance                              Arc          Cell        Delay  Arrival  Required  
                                                                            Time     Time  
      ---------------------------------------------------------------------------------------
      pre_fetch_instruction_reg[17]         CK ^         -           -      0.280    0.260  
      pre_fetch_instruction_reg[17]         CK ^ -> Q v  SDFFQX1LVT  0.153  0.433    0.414  
      FE_ESOC2900_pre_fetch_instruction_17  A v -> Y v   DLY2X1      0.322  0.755    0.736  
      pre_fetch_instruction_reg[17]         D v          SDFFQX1LVT  0.000  0.755    0.736  
      ---------------------------------------------------------------------------------------
Path 44: MET Hold Check with Pin abt_address_reg_reg[11]/CK 
Endpoint:   abt_address_reg_reg[11]/SI (v) checked with  leading edge of 'i_clk'
Beginpoint: abt_address_reg_reg[11]/Q  (v) triggered by  leading edge of 'i_clk'
Path Groups: {i_clk}
Analysis View: best
Other End Arrival Time          0.360
+ Hold                         -0.042
+ Phase Shift                   0.000
+ Uncertainty                   0.400
= Required Time                 0.718
  Arrival Time                  0.737
  Slack Time                    0.020
     Clock Rise Edge                 0.000
     + Clock Network Latency (Prop)  0.281
     = Beginpoint Arrival Time       0.281
      ----------------------------------------------------------------------------------------
      Instance                                  Arc          Cell     Delay  Arrival  Required  
                                                                             Time     Time  
      ----------------------------------------------------------------------------------------
      abt_address_reg_reg[11]                   CK ^         -        -      0.281    0.262  
      abt_address_reg_reg[11]                   CK ^ -> Q v  SDFFQX1  0.258  0.539    0.520  
      FE_ESOC3178_FE_OFN1168_o_dabt_address_11  A v -> Y v   BUFX2    0.102  0.642    0.622  
      FE_ESOC3106_FE_OFN1168_o_dabt_address_11  A v -> Y v   BUFX2    0.096  0.737    0.718  
      abt_address_reg_reg[11]                   SI v         SDFFQX1  0.000  0.737    0.718  
      ----------------------------------------------------------------------------------------
Path 45: MET Hold Check with Pin o_copro_operation_reg[1]/CK 
Endpoint:   o_copro_operation_reg[1]/D (v) checked with  leading edge of 'i_clk'
Beginpoint: o_copro_operation_reg[1]/Q (v) triggered by  leading edge of 'i_clk'
Path Groups: {i_clk}
Analysis View: best
Other End Arrival Time          0.349
+ Hold                          0.033
+ Phase Shift                   0.000
+ Uncertainty                   0.400
= Required Time                 0.782
  Arrival Time                  0.802
  Slack Time                    0.020
     Clock Rise Edge                 0.000
     + Clock Network Latency (Prop)  0.271
     = Beginpoint Arrival Time       0.271
      ---------------------------------------------------------------------------------------------
      Instance                                    Arc          Cell        Delay  Arrival  Required  
                                                                                  Time     Time  
      ---------------------------------------------------------------------------------------------
      o_copro_operation_reg[1]                    CK ^         -           -      0.271    0.251  
      o_copro_operation_reg[1]                    CK ^ -> Q v  DFFHQX1LVT  0.166  0.437    0.417  
      FE_ESOC2998_FE_OFN1497_o_copro_operation_1  A v -> Y v   DLY1X4      0.210  0.646    0.627  
      g101721                                     A0 v -> Y v  AO21X1LVT   0.085  0.731    0.712  
      FE_ESOC3184_n_35704                         A v -> Y v   BUFX2       0.071  0.802    0.782  
      o_copro_operation_reg[1]                    D v          DFFHQX1LVT  0.000  0.802    0.782  
      ---------------------------------------------------------------------------------------------
Path 46: MET Hold Check with Pin pre_fetch_instruction_reg[2]/CK 
Endpoint:   pre_fetch_instruction_reg[2]/SI (v) checked with  leading edge of 'i_clk'
Beginpoint: o_read_data_reg[2]/Q            (v) triggered by  leading edge of 'i_clk'
Path Groups: {i_clk}
Analysis View: best
Other End Arrival Time          0.360
+ Hold                         -0.037
+ Phase Shift                   0.000
+ Uncertainty                   0.400
= Required Time                 0.722
  Arrival Time                  0.742
  Slack Time                    0.020
     Clock Rise Edge                 0.000
     + Clock Network Latency (Prop)  0.281
     = Beginpoint Arrival Time       0.281
      ---------------------------------------------------------------------------------------
      Instance                             Arc          Cell         Delay  Arrival  Required  
                                                                            Time     Time  
      ---------------------------------------------------------------------------------------
      o_read_data_reg[2]                   CK ^         -            -      0.281    0.261  
      o_read_data_reg[2]                   CK ^ -> Q v  MDFFHQX1LVT  0.197  0.479    0.459  
      FE_ESOC3015_FE_OFN970_o_read_data_2  A v -> Y v   DLY1X4       0.263  0.742    0.722  
      pre_fetch_instruction_reg[2]         SI v         SDFFQX1LVT   0.001  0.742    0.722  
      ---------------------------------------------------------------------------------------
Path 47: MET Hold Check with Pin o_alu_function_reg[7]/CK 
Endpoint:   o_alu_function_reg[7]/D (v) checked with  leading edge of 'i_clk'
Beginpoint: o_alu_function_reg[7]/Q (v) triggered by  leading edge of 'i_clk'
Path Groups: {i_clk}
Analysis View: best
Other End Arrival Time          0.352
+ Hold                          0.026
+ Phase Shift                   0.000
+ Uncertainty                   0.400
= Required Time                 0.777
  Arrival Time                  0.797
  Slack Time                    0.020
     Clock Rise Edge                 0.000
     + Clock Network Latency (Prop)  0.273
     = Beginpoint Arrival Time       0.273
      -------------------------------------------------------------------------------------------
      Instance                                Arc          Cell          Delay  Arrival  Required  
                                                                                Time     Time  
      -------------------------------------------------------------------------------------------
      o_alu_function_reg[7]                   CK ^         -             -      0.273    0.253  
      o_alu_function_reg[7]                   CK ^ -> Q v  DFFHQX1LVT    0.162  0.435    0.415  
      FE_PHC2784_FE_OFN1509_o_alu_function_7  A v -> Y v   DLY1X4        0.212  0.647    0.627  
      g67919__4547                            A0 v -> Y ^  AOI21XL       0.086  0.733    0.713  
      g67567__5795                            B0 ^ -> Y v  OAI2BB1X1LVT  0.065  0.797    0.777  
      o_alu_function_reg[7]                   D v          DFFHQX1LVT    0.000  0.797    0.777  
      -------------------------------------------------------------------------------------------
Path 48: MET Hold Check with Pin abt_address_reg_reg[5]/CK 
Endpoint:   abt_address_reg_reg[5]/SI (v) checked with  leading edge of 'i_clk'
Beginpoint: abt_address_reg_reg[5]/Q  (v) triggered by  leading edge of 'i_clk'
Path Groups: {i_clk}
Analysis View: best
Other End Arrival Time          0.360
+ Hold                         -0.058
+ Phase Shift                   0.000
+ Uncertainty                   0.400
= Required Time                 0.702
  Arrival Time                  0.722
  Slack Time                    0.020
     Clock Rise Edge                 0.000
     + Clock Network Latency (Prop)  0.281
     = Beginpoint Arrival Time       0.281
      ----------------------------------------------------------------------------------------
      Instance                                 Arc          Cell      Delay  Arrival  Required  
                                                                             Time     Time  
      ----------------------------------------------------------------------------------------
      abt_address_reg_reg[5]                   CK ^         -         -      0.281    0.261  
      abt_address_reg_reg[5]                   CK ^ -> Q v  SDFFQX1   0.233  0.515    0.494  
      FE_OFC1192_o_dabt_address_5              A v -> Y v   BUFX2LVT  0.081  0.596    0.575  
      FE_ESOC3134_FE_OFN1193_o_dabt_address_5  A v -> Y v   BUFX6     0.125  0.720    0.700  
      abt_address_reg_reg[5]                   SI v         SDFFQX1   0.002  0.722    0.702  
      ----------------------------------------------------------------------------------------
Path 49: MET Hold Check with Pin o_imm32_reg[1]/CK 
Endpoint:   o_imm32_reg[1]/D (v) checked with  leading edge of 'i_clk'
Beginpoint: o_imm32_reg[1]/Q (v) triggered by  leading edge of 'i_clk'
Path Groups: {i_clk}
Analysis View: best
Other End Arrival Time          0.353
+ Hold                          0.018
+ Phase Shift                   0.000
+ Uncertainty                   0.400
= Required Time                 0.771
  Arrival Time                  0.792
  Slack Time                    0.021
     Clock Rise Edge                 0.000
     + Clock Network Latency (Prop)  0.274
     = Beginpoint Arrival Time       0.274
      -----------------------------------------------------------------------
      Instance            Arc          Cell          Delay  Arrival  Required  
                                                            Time     Time  
      -----------------------------------------------------------------------
      o_imm32_reg[1]      CK ^         -             -      0.274    0.253  
      o_imm32_reg[1]      CK ^ -> Q v  DFFHQX1LVT    0.159  0.433    0.412  
      g87244              AN v -> Y v  NOR2BX1       0.077  0.510    0.489  
      g67632__1857        B0 v -> Y ^  AOI21X1LVT    0.076  0.586    0.565  
      FE_ESOC3109_n_1890  A ^ -> Y ^   DLY1X1LVT     0.139  0.724    0.703  
      g67559__9906        B0 ^ -> Y v  OAI2BB1X1LVT  0.067  0.792    0.771  
      o_imm32_reg[1]      D v          DFFHQX1LVT    0.000  0.792    0.771  
      -----------------------------------------------------------------------
Path 50: MET Hold Check with Pin abt_status_reg_reg[6]/CK 
Endpoint:   abt_status_reg_reg[6]/SI (v) checked with  leading edge of 'i_clk'
Beginpoint: abt_status_reg_reg[6]/Q  (v) triggered by  leading edge of 'i_clk'
Path Groups: {i_clk}
Analysis View: best
Other End Arrival Time          0.358
+ Hold                         -0.032
+ Phase Shift                   0.000
+ Uncertainty                   0.400
= Required Time                 0.726
  Arrival Time                  0.747
  Slack Time                    0.021
     Clock Rise Edge                 0.000
     + Clock Network Latency (Prop)  0.280
     = Beginpoint Arrival Time       0.280
      --------------------------------------------------------------------------------------
      Instance                                Arc          Cell     Delay  Arrival  Required  
                                                                           Time     Time  
      --------------------------------------------------------------------------------------
      abt_status_reg_reg[6]                   CK ^         -        -      0.280    0.259  
      abt_status_reg_reg[6]                   CK ^ -> Q v  SDFFQX1  0.246  0.526    0.505  
      FE_ESOC3036_FE_OFN1438_o_dabt_status_6  A v -> Y v   DLY1X4   0.222  0.747    0.726  
      abt_status_reg_reg[6]                   SI v         SDFFQX1  0.000  0.747    0.726  
      --------------------------------------------------------------------------------------

